{
  message: 'Connected to MongoDB successfully',
  level: 'info',
  service: 'autovista-api',
  timestamp: '2025-10-04 13:13:15'
}
{
  message: 'Connected to MongoDB successfully',
  level: 'info',
  service: 'autovista-api',
  timestamp: '2025-10-04 13:13:15'
}
{
  message: 'Connected to MongoDB successfully',
  level: 'info',
  service: 'autovista-api',
  timestamp: '2025-10-04 13:13:15'
}
{
  message: 'Connected to MongoDB successfully',
  level: 'info',
  service: 'autovista-api',
  timestamp: '2025-10-04 13:13:17'
}
{
  message: 'Connected to MongoDB successfully',
  level: 'info',
  service: 'autovista-api',
  timestamp: '2025-10-04 13:13:17'
}
{
  message: 'Connected to MongoDB successfully',
  level: 'info',
  service: 'autovista-api',
  timestamp: '2025-10-04 13:13:17'
}
{
  message: 'Cleared existing orders and quotes for development',
  level: 'info',
  service: 'autovista-api',
  timestamp: '2025-10-04 13:13:17'
}
{
  service: 'autovista-api',
  port: 8080,
  environment: 'development',
  nodeVersion: 'v22.14.0',
  level: 'info',
  message: 'Server started successfully',
  timestamp: '2025-10-04 13:13:17'
}
{
  message: 'Cleared existing orders and quotes for development',
  level: 'info',
  service: 'autovista-api',
  timestamp: '2025-10-04 13:13:17'
}
{
  service: 'autovista-api',
  port: 8080,
  environment: 'development',
  nodeVersion: 'v22.14.0',
  level: 'info',
  message: 'Server started successfully',
  timestamp: '2025-10-04 13:13:17'
}
{
  message: 'Cleared existing orders and quotes for development',
  level: 'info',
  service: 'autovista-api',
  timestamp: '2025-10-04 13:13:17'
}
{
  service: 'autovista-api',
  port: 8080,
  environment: 'development',
  nodeVersion: 'v22.14.0',
  level: 'info',
  message: 'Server started successfully',
  timestamp: '2025-10-04 13:13:17'
}
{
  message: 'Connected to MongoDB successfully',
  level: 'info',
  service: 'autovista-api',
  timestamp: '2025-10-04 13:13:19'
}
{
  message: 'Cleared existing orders and quotes for development',
  level: 'info',
  service: 'autovista-api',
  timestamp: '2025-10-04 13:13:20'
}
{
  service: 'autovista-api',
  port: 8080,
  environment: 'development',
  nodeVersion: 'v22.14.0',
  level: 'info',
  message: 'Server started successfully',
  timestamp: '2025-10-04 13:13:20'
}
{
  message: 'Connected to MongoDB successfully',
  level: 'info',
  service: 'autovista-api',
  timestamp: '2025-10-04 13:13:30'
}
{
  message: 'Connected to MongoDB successfully',
  level: 'info',
  service: 'autovista-api',
  timestamp: '2025-10-04 13:13:30'
}
{
  message: 'Connected to MongoDB successfully',
  level: 'info',
  service: 'autovista-api',
  timestamp: '2025-10-04 13:13:30'
}
{
  message: 'Connected to MongoDB successfully',
  level: 'info',
  service: 'autovista-api',
  timestamp: '2025-10-04 13:13:30'
}
{
  message: 'Cleared existing orders and quotes for development',
  level: 'info',
  service: 'autovista-api',
  timestamp: '2025-10-04 13:13:30'
}
{
  service: 'autovista-api',
  port: 8080,
  environment: 'development',
  nodeVersion: 'v22.14.0',
  level: 'info',
  message: 'Server started successfully',
  timestamp: '2025-10-04 13:13:30'
}
{
  message: 'Cleared existing orders and quotes for development',
  level: 'info',
  service: 'autovista-api',
  timestamp: '2025-10-04 13:13:31'
}
{
  message: 'Cleared existing orders and quotes for development',
  level: 'info',
  service: 'autovista-api',
  timestamp: '2025-10-04 13:13:31'
}
{
  service: 'autovista-api',
  port: 8080,
  environment: 'development',
  nodeVersion: 'v22.14.0',
  level: 'info',
  message: 'Server started successfully',
  timestamp: '2025-10-04 13:13:31'
}
{
  service: 'autovista-api',
  port: 8080,
  environment: 'development',
  nodeVersion: 'v22.14.0',
  level: 'info',
  message: 'Server started successfully',
  timestamp: '2025-10-04 13:13:31'
}
{
  message: 'Cleared existing orders and quotes for development',
  level: 'info',
  service: 'autovista-api',
  timestamp: '2025-10-04 13:13:31'
}
{
  service: 'autovista-api',
  port: 8080,
  environment: 'development',
  nodeVersion: 'v22.14.0',
  level: 'info',
  message: 'Server started successfully',
  timestamp: '2025-10-04 13:13:31'
}
{
  message: 'Connected to MongoDB successfully',
  level: 'info',
  service: 'autovista-api',
  timestamp: '2025-10-04 13:49:42'
}
{
  message: 'Connected to MongoDB successfully',
  level: 'info',
  service: 'autovista-api',
  timestamp: '2025-10-04 13:49:42'
}
{
  message: 'Connected to MongoDB successfully',
  level: 'info',
  service: 'autovista-api',
  timestamp: '2025-10-04 13:49:42'
}
{
  message: 'Cleared existing orders and quotes for development',
  level: 'info',
  service: 'autovista-api',
  timestamp: '2025-10-04 13:49:43'
}
{
  message: 'Cleared existing orders and quotes for development',
  level: 'info',
  service: 'autovista-api',
  timestamp: '2025-10-04 13:49:43'
}
{
  service: 'autovista-api',
  port: 8080,
  environment: 'development',
  nodeVersion: 'v22.14.0',
  level: 'info',
  message: 'Server started successfully',
  timestamp: '2025-10-04 13:49:43'
}
{
  service: 'autovista-api',
  port: 8080,
  environment: 'development',
  nodeVersion: 'v22.14.0',
  level: 'info',
  message: 'Server started successfully',
  timestamp: '2025-10-04 13:49:43'
}
{
  message: 'Cleared existing orders and quotes for development',
  level: 'info',
  service: 'autovista-api',
  timestamp: '2025-10-04 13:49:43'
}
{
  service: 'autovista-api',
  port: 8080,
  environment: 'development',
  nodeVersion: 'v22.14.0',
  level: 'info',
  message: 'Server started successfully',
  timestamp: '2025-10-04 13:49:43'
}
{
  message: 'Connected to MongoDB successfully',
  level: 'info',
  service: 'autovista-api',
  timestamp: '2025-10-04 13:50:16'
}
{
  message: 'Connected to MongoDB successfully',
  level: 'info',
  service: 'autovista-api',
  timestamp: '2025-10-04 13:50:16'
}
{
  message: 'Connected to MongoDB successfully',
  level: 'info',
  service: 'autovista-api',
  timestamp: '2025-10-04 13:50:16'
}
{
  message: 'Cleared existing orders and quotes for development',
  level: 'info',
  service: 'autovista-api',
  timestamp: '2025-10-04 13:50:17'
}
{
  service: 'autovista-api',
  port: 8080,
  environment: 'development',
  nodeVersion: 'v22.14.0',
  level: 'info',
  message: 'Server started successfully',
  timestamp: '2025-10-04 13:50:17'
}
{
  message: 'Cleared existing orders and quotes for development',
  level: 'info',
  service: 'autovista-api',
  timestamp: '2025-10-04 13:50:17'
}
{
  service: 'autovista-api',
  port: 8080,
  environment: 'development',
  nodeVersion: 'v22.14.0',
  level: 'info',
  message: 'Server started successfully',
  timestamp: '2025-10-04 13:50:17'
}
{
  message: 'Cleared existing orders and quotes for development',
  level: 'info',
  service: 'autovista-api',
  timestamp: '2025-10-04 13:50:17'
}
{
  service: 'autovista-api',
  port: 8080,
  environment: 'development',
  nodeVersion: 'v22.14.0',
  level: 'info',
  message: 'Server started successfully',
  timestamp: '2025-10-04 13:50:17'
}
{
  message: 'Connected to MongoDB successfully',
  level: 'info',
  service: 'autovista-api',
  timestamp: '2025-10-04 13:50:32'
}
{
  message: 'Connected to MongoDB successfully',
  level: 'info',
  service: 'autovista-api',
  timestamp: '2025-10-04 13:50:32'
}
{
  message: 'Connected to MongoDB successfully',
  level: 'info',
  service: 'autovista-api',
  timestamp: '2025-10-04 13:50:32'
}
{
  message: 'Cleared existing orders and quotes for development',
  level: 'info',
  service: 'autovista-api',
  timestamp: '2025-10-04 13:50:33'
}
{
  service: 'autovista-api',
  port: 8080,
  environment: 'development',
  nodeVersion: 'v22.14.0',
  level: 'info',
  message: 'Server started successfully',
  timestamp: '2025-10-04 13:50:33'
}
{
  message: 'Cleared existing orders and quotes for development',
  level: 'info',
  service: 'autovista-api',
  timestamp: '2025-10-04 13:50:33'
}
{
  service: 'autovista-api',
  port: 8080,
  environment: 'development',
  nodeVersion: 'v22.14.0',
  level: 'info',
  message: 'Server started successfully',
  timestamp: '2025-10-04 13:50:33'
}
{
  message: 'Cleared existing orders and quotes for development',
  level: 'info',
  service: 'autovista-api',
  timestamp: '2025-10-04 13:50:33'
}
{
  service: 'autovista-api',
  port: 8080,
  environment: 'development',
  nodeVersion: 'v22.14.0',
  level: 'info',
  message: 'Server started successfully',
  timestamp: '2025-10-04 13:50:33'
}
{
  message: 'Connected to MongoDB successfully',
  level: 'info',
  service: 'autovista-api',
  timestamp: '2025-10-04 13:50:50'
}
{
  message: 'Connected to MongoDB successfully',
  level: 'info',
  service: 'autovista-api',
  timestamp: '2025-10-04 13:50:50'
}
{
  message: 'Connected to MongoDB successfully',
  level: 'info',
  service: 'autovista-api',
  timestamp: '2025-10-04 13:50:50'
}
{
  message: 'Cleared existing orders and quotes for development',
  level: 'info',
  service: 'autovista-api',
  timestamp: '2025-10-04 13:50:51'
}
{
  service: 'autovista-api',
  port: 8080,
  environment: 'development',
  nodeVersion: 'v22.14.0',
  level: 'info',
  message: 'Server started successfully',
  timestamp: '2025-10-04 13:50:51'
}
{
  message: 'Cleared existing orders and quotes for development',
  level: 'info',
  service: 'autovista-api',
  timestamp: '2025-10-04 13:50:51'
}
{
  service: 'autovista-api',
  port: 8080,
  environment: 'development',
  nodeVersion: 'v22.14.0',
  level: 'info',
  message: 'Server started successfully',
  timestamp: '2025-10-04 13:50:51'
}
{
  message: 'Cleared existing orders and quotes for development',
  level: 'info',
  service: 'autovista-api',
  timestamp: '2025-10-04 13:50:51'
}
{
  service: 'autovista-api',
  port: 8080,
  environment: 'development',
  nodeVersion: 'v22.14.0',
  level: 'info',
  message: 'Server started successfully',
  timestamp: '2025-10-04 13:50:51'
}
{
  message: 'Connected to MongoDB successfully',
  level: 'info',
  service: 'autovista-api',
  timestamp: '2025-10-04 13:53:23'
}
{
  message: 'Connected to MongoDB successfully',
  level: 'info',
  service: 'autovista-api',
  timestamp: '2025-10-04 13:53:23'
}
{
  message: 'Connected to MongoDB successfully',
  level: 'info',
  service: 'autovista-api',
  timestamp: '2025-10-04 13:53:23'
}
{
  message: 'Cleared existing orders and quotes for development',
  level: 'info',
  service: 'autovista-api',
  timestamp: '2025-10-04 13:53:23'
}
{
  service: 'autovista-api',
  port: 8080,
  environment: 'development',
  nodeVersion: 'v22.14.0',
  level: 'info',
  message: 'Server started successfully',
  timestamp: '2025-10-04 13:53:23'
}
{
  message: 'Cleared existing orders and quotes for development',
  level: 'info',
  service: 'autovista-api',
  timestamp: '2025-10-04 13:53:23'
}
{
  service: 'autovista-api',
  port: 8080,
  environment: 'development',
  nodeVersion: 'v22.14.0',
  level: 'info',
  message: 'Server started successfully',
  timestamp: '2025-10-04 13:53:23'
}
{
  message: 'Cleared existing orders and quotes for development',
  level: 'info',
  service: 'autovista-api',
  timestamp: '2025-10-04 13:53:24'
}
{
  service: 'autovista-api',
  port: 8080,
  environment: 'development',
  nodeVersion: 'v22.14.0',
  level: 'info',
  message: 'Server started successfully',
  timestamp: '2025-10-04 13:53:24'
}
{
  message: 'Connected to MongoDB successfully',
  level: 'info',
  service: 'autovista-api',
  timestamp: '2025-10-04 13:53:31'
}
{
  message: 'Connected to MongoDB successfully',
  level: 'info',
  service: 'autovista-api',
  timestamp: '2025-10-04 13:53:31'
}
{
  message: 'Connected to MongoDB successfully',
  level: 'info',
  service: 'autovista-api',
  timestamp: '2025-10-04 13:53:31'
}
{
  message: 'Cleared existing orders and quotes for development',
  level: 'info',
  service: 'autovista-api',
  timestamp: '2025-10-04 13:53:31'
}
{
  service: 'autovista-api',
  port: 8080,
  environment: 'development',
  nodeVersion: 'v22.14.0',
  level: 'info',
  message: 'Server started successfully',
  timestamp: '2025-10-04 13:53:31'
}
{
  message: 'Cleared existing orders and quotes for development',
  level: 'info',
  service: 'autovista-api',
  timestamp: '2025-10-04 13:53:31'
}
{
  service: 'autovista-api',
  port: 8080,
  environment: 'development',
  nodeVersion: 'v22.14.0',
  level: 'info',
  message: 'Server started successfully',
  timestamp: '2025-10-04 13:53:31'
}
{
  message: 'Cleared existing orders and quotes for development',
  level: 'info',
  service: 'autovista-api',
  timestamp: '2025-10-04 13:53:32'
}
{
  service: 'autovista-api',
  port: 8080,
  environment: 'development',
  nodeVersion: 'v22.14.0',
  level: 'info',
  message: 'Server started successfully',
  timestamp: '2025-10-04 13:53:32'
}
{
  message: 'Connected to MongoDB successfully',
  level: 'info',
  service: 'autovista-api',
  timestamp: '2025-10-04 13:53:33'
}
{
  message: 'Connected to MongoDB successfully',
  level: 'info',
  service: 'autovista-api',
  timestamp: '2025-10-04 13:53:33'
}
{
  message: 'Connected to MongoDB successfully',
  level: 'info',
  service: 'autovista-api',
  timestamp: '2025-10-04 13:53:33'
}
{
  message: 'Cleared existing orders and quotes for development',
  level: 'info',
  service: 'autovista-api',
  timestamp: '2025-10-04 13:53:34'
}
{
  service: 'autovista-api',
  port: 8080,
  environment: 'development',
  nodeVersion: 'v22.14.0',
  level: 'info',
  message: 'Server started successfully',
  timestamp: '2025-10-04 13:53:34'
}
{
  message: 'Cleared existing orders and quotes for development',
  level: 'info',
  service: 'autovista-api',
  timestamp: '2025-10-04 13:53:34'
}
{
  service: 'autovista-api',
  port: 8080,
  environment: 'development',
  nodeVersion: 'v22.14.0',
  level: 'info',
  message: 'Server started successfully',
  timestamp: '2025-10-04 13:53:34'
}
{
  message: 'Cleared existing orders and quotes for development',
  level: 'info',
  service: 'autovista-api',
  timestamp: '2025-10-04 13:53:34'
}
{
  service: 'autovista-api',
  port: 8080,
  environment: 'development',
  nodeVersion: 'v22.14.0',
  level: 'info',
  message: 'Server started successfully',
  timestamp: '2025-10-04 13:53:34'
}
{
  message: 'Connected to MongoDB successfully',
  level: 'info',
  service: 'autovista-api',
  timestamp: '2025-10-04 13:53:36'
}
{
  message: 'Connected to MongoDB successfully',
  level: 'info',
  service: 'autovista-api',
  timestamp: '2025-10-04 13:53:36'
}
{
  message: 'Connected to MongoDB successfully',
  level: 'info',
  service: 'autovista-api',
  timestamp: '2025-10-04 13:53:36'
}
{
  message: 'Cleared existing orders and quotes for development',
  level: 'info',
  service: 'autovista-api',
  timestamp: '2025-10-04 13:53:37'
}
{
  service: 'autovista-api',
  port: 8080,
  environment: 'development',
  nodeVersion: 'v22.14.0',
  level: 'info',
  message: 'Server started successfully',
  timestamp: '2025-10-04 13:53:37'
}
{
  message: 'Cleared existing orders and quotes for development',
  level: 'info',
  service: 'autovista-api',
  timestamp: '2025-10-04 13:53:37'
}
{
  service: 'autovista-api',
  port: 8080,
  environment: 'development',
  nodeVersion: 'v22.14.0',
  level: 'info',
  message: 'Server started successfully',
  timestamp: '2025-10-04 13:53:37'
}
{
  message: 'Cleared existing orders and quotes for development',
  level: 'info',
  service: 'autovista-api',
  timestamp: '2025-10-04 13:53:37'
}
{
  service: 'autovista-api',
  port: 8080,
  environment: 'development',
  nodeVersion: 'v22.14.0',
  level: 'info',
  message: 'Server started successfully',
  timestamp: '2025-10-04 13:53:37'
}
{
  message: 'Connected to MongoDB successfully',
  level: 'info',
  service: 'autovista-api',
  timestamp: '2025-10-04 13:54:13'
}
{
  message: 'Connected to MongoDB successfully',
  level: 'info',
  service: 'autovista-api',
  timestamp: '2025-10-04 13:54:13'
}
{
  message: 'Connected to MongoDB successfully',
  level: 'info',
  service: 'autovista-api',
  timestamp: '2025-10-04 13:54:13'
}
{
  message: 'Cleared existing orders and quotes for development',
  level: 'info',
  service: 'autovista-api',
  timestamp: '2025-10-04 13:54:13'
}
{
  service: 'autovista-api',
  port: 8080,
  environment: 'development',
  nodeVersion: 'v22.14.0',
  level: 'info',
  message: 'Server started successfully',
  timestamp: '2025-10-04 13:54:13'
}
{
  message: 'Cleared existing orders and quotes for development',
  level: 'info',
  service: 'autovista-api',
  timestamp: '2025-10-04 13:54:14'
}
{
  service: 'autovista-api',
  port: 8080,
  environment: 'development',
  nodeVersion: 'v22.14.0',
  level: 'info',
  message: 'Server started successfully',
  timestamp: '2025-10-04 13:54:14'
}
{
  message: 'Cleared existing orders and quotes for development',
  level: 'info',
  service: 'autovista-api',
  timestamp: '2025-10-04 13:54:14'
}
{
  service: 'autovista-api',
  port: 8080,
  environment: 'development',
  nodeVersion: 'v22.14.0',
  level: 'info',
  message: 'Server started successfully',
  timestamp: '2025-10-04 13:54:14'
}
{
  message: 'Connected to MongoDB successfully',
  level: 'info',
  service: 'autovista-api',
  timestamp: '2025-10-04 14:10:47'
}
{
  message: 'Connected to MongoDB successfully',
  level: 'info',
  service: 'autovista-api',
  timestamp: '2025-10-04 14:10:47'
}
{
  message: 'Connected to MongoDB successfully',
  level: 'info',
  service: 'autovista-api',
  timestamp: '2025-10-04 14:10:47'
}
{
  message: 'Cleared existing orders and quotes for development',
  level: 'info',
  service: 'autovista-api',
  timestamp: '2025-10-04 14:10:47'
}
{
  service: 'autovista-api',
  port: 8080,
  environment: 'development',
  nodeVersion: 'v22.14.0',
  level: 'info',
  message: 'Server started successfully',
  timestamp: '2025-10-04 14:10:47'
}
{
  message: 'Cleared existing orders and quotes for development',
  level: 'info',
  service: 'autovista-api',
  timestamp: '2025-10-04 14:10:48'
}
{
  service: 'autovista-api',
  port: 8080,
  environment: 'development',
  nodeVersion: 'v22.14.0',
  level: 'info',
  message: 'Server started successfully',
  timestamp: '2025-10-04 14:10:48'
}
{
  message: 'Cleared existing orders and quotes for development',
  level: 'info',
  service: 'autovista-api',
  timestamp: '2025-10-04 14:10:48'
}
{
  service: 'autovista-api',
  port: 8080,
  environment: 'development',
  nodeVersion: 'v22.14.0',
  level: 'info',
  message: 'Server started successfully',
  timestamp: '2025-10-04 14:10:48'
}
{
  message: 'Connected to MongoDB successfully',
  level: 'info',
  service: 'autovista-api',
  timestamp: '2025-10-04 14:11:10'
}
{
  message: 'Connected to MongoDB successfully',
  level: 'info',
  service: 'autovista-api',
  timestamp: '2025-10-04 14:11:10'
}
{
  message: 'Connected to MongoDB successfully',
  level: 'info',
  service: 'autovista-api',
  timestamp: '2025-10-04 14:11:10'
}
{
  message: 'Cleared existing orders and quotes for development',
  level: 'info',
  service: 'autovista-api',
  timestamp: '2025-10-04 14:11:10'
}
{
  service: 'autovista-api',
  port: 8080,
  environment: 'development',
  nodeVersion: 'v22.14.0',
  level: 'info',
  message: 'Server started successfully',
  timestamp: '2025-10-04 14:11:10'
}
{
  message: 'Cleared existing orders and quotes for development',
  level: 'info',
  service: 'autovista-api',
  timestamp: '2025-10-04 14:11:10'
}
{
  service: 'autovista-api',
  port: 8080,
  environment: 'development',
  nodeVersion: 'v22.14.0',
  level: 'info',
  message: 'Server started successfully',
  timestamp: '2025-10-04 14:11:10'
}
{
  message: 'Cleared existing orders and quotes for development',
  level: 'info',
  service: 'autovista-api',
  timestamp: '2025-10-04 14:11:10'
}
{
  service: 'autovista-api',
  port: 8080,
  environment: 'development',
  nodeVersion: 'v22.14.0',
  level: 'info',
  message: 'Server started successfully',
  timestamp: '2025-10-04 14:11:10'
}
{
  message: 'Connected to MongoDB successfully',
  level: 'info',
  service: 'autovista-api',
  timestamp: '2025-10-04 14:11:14'
}
{
  message: 'Connected to MongoDB successfully',
  level: 'info',
  service: 'autovista-api',
  timestamp: '2025-10-04 14:11:14'
}
{
  message: 'Connected to MongoDB successfully',
  level: 'info',
  service: 'autovista-api',
  timestamp: '2025-10-04 14:11:14'
}
{
  message: 'Cleared existing orders and quotes for development',
  level: 'info',
  service: 'autovista-api',
  timestamp: '2025-10-04 14:11:14'
}
{
  service: 'autovista-api',
  port: 8080,
  environment: 'development',
  nodeVersion: 'v22.14.0',
  level: 'info',
  message: 'Server started successfully',
  timestamp: '2025-10-04 14:11:14'
}
{
  message: 'Cleared existing orders and quotes for development',
  level: 'info',
  service: 'autovista-api',
  timestamp: '2025-10-04 14:11:14'
}
{
  service: 'autovista-api',
  port: 8080,
  environment: 'development',
  nodeVersion: 'v22.14.0',
  level: 'info',
  message: 'Server started successfully',
  timestamp: '2025-10-04 14:11:14'
}
{
  message: 'Cleared existing orders and quotes for development',
  level: 'info',
  service: 'autovista-api',
  timestamp: '2025-10-04 14:11:14'
}
{
  service: 'autovista-api',
  port: 8080,
  environment: 'development',
  nodeVersion: 'v22.14.0',
  level: 'info',
  message: 'Server started successfully',
  timestamp: '2025-10-04 14:11:14'
}
{
  message: 'Connected to MongoDB successfully',
  level: 'info',
  service: 'autovista-api',
  timestamp: '2025-10-04 14:11:27'
}
{
  message: 'Connected to MongoDB successfully',
  level: 'info',
  service: 'autovista-api',
  timestamp: '2025-10-04 14:11:27'
}
{
  message: 'Connected to MongoDB successfully',
  level: 'info',
  service: 'autovista-api',
  timestamp: '2025-10-04 14:11:27'
}
{
  message: 'Cleared existing orders and quotes for development',
  level: 'info',
  service: 'autovista-api',
  timestamp: '2025-10-04 14:11:28'
}
{
  service: 'autovista-api',
  port: 8080,
  environment: 'development',
  nodeVersion: 'v22.14.0',
  level: 'info',
  message: 'Server started successfully',
  timestamp: '2025-10-04 14:11:28'
}
{
  message: 'Cleared existing orders and quotes for development',
  level: 'info',
  service: 'autovista-api',
  timestamp: '2025-10-04 14:11:28'
}
{
  service: 'autovista-api',
  port: 8080,
  environment: 'development',
  nodeVersion: 'v22.14.0',
  level: 'info',
  message: 'Server started successfully',
  timestamp: '2025-10-04 14:11:28'
}
{
  message: 'Cleared existing orders and quotes for development',
  level: 'info',
  service: 'autovista-api',
  timestamp: '2025-10-04 14:11:28'
}
{
  service: 'autovista-api',
  port: 8080,
  environment: 'development',
  nodeVersion: 'v22.14.0',
  level: 'info',
  message: 'Server started successfully',
  timestamp: '2025-10-04 14:11:28'
}
{
  message: 'Connected to MongoDB successfully',
  level: 'info',
  service: 'autovista-api',
  timestamp: '2025-10-04 14:11:33'
}
{
  message: 'Connected to MongoDB successfully',
  level: 'info',
  service: 'autovista-api',
  timestamp: '2025-10-04 14:11:33'
}
{
  message: 'Connected to MongoDB successfully',
  level: 'info',
  service: 'autovista-api',
  timestamp: '2025-10-04 14:11:33'
}
{
  message: 'Cleared existing orders and quotes for development',
  level: 'info',
  service: 'autovista-api',
  timestamp: '2025-10-04 14:11:34'
}
{
  service: 'autovista-api',
  port: 8080,
  environment: 'development',
  nodeVersion: 'v22.14.0',
  level: 'info',
  message: 'Server started successfully',
  timestamp: '2025-10-04 14:11:34'
}
{
  message: 'Cleared existing orders and quotes for development',
  level: 'info',
  service: 'autovista-api',
  timestamp: '2025-10-04 14:11:34'
}
{
  service: 'autovista-api',
  port: 8080,
  environment: 'development',
  nodeVersion: 'v22.14.0',
  level: 'info',
  message: 'Server started successfully',
  timestamp: '2025-10-04 14:11:34'
}
{
  message: 'Cleared existing orders and quotes for development',
  level: 'info',
  service: 'autovista-api',
  timestamp: '2025-10-04 14:11:34'
}
{
  service: 'autovista-api',
  port: 8080,
  environment: 'development',
  nodeVersion: 'v22.14.0',
  level: 'info',
  message: 'Server started successfully',
  timestamp: '2025-10-04 14:11:34'
}
{
  message: 'Connected to MongoDB successfully',
  level: 'info',
  service: 'autovista-api',
  timestamp: '2025-10-04 14:13:11'
}
{
  message: 'Connected to MongoDB successfully',
  level: 'info',
  service: 'autovista-api',
  timestamp: '2025-10-04 14:13:11'
}
{
  message: 'Connected to MongoDB successfully',
  level: 'info',
  service: 'autovista-api',
  timestamp: '2025-10-04 14:13:11'
}
{
  message: 'Cleared existing orders and quotes for development',
  level: 'info',
  service: 'autovista-api',
  timestamp: '2025-10-04 14:13:11'
}
{
  service: 'autovista-api',
  port: 8080,
  environment: 'development',
  nodeVersion: 'v22.14.0',
  level: 'info',
  message: 'Server started successfully',
  timestamp: '2025-10-04 14:13:11'
}
{
  message: 'Cleared existing orders and quotes for development',
  level: 'info',
  service: 'autovista-api',
  timestamp: '2025-10-04 14:13:11'
}
{
  service: 'autovista-api',
  port: 8080,
  environment: 'development',
  nodeVersion: 'v22.14.0',
  level: 'info',
  message: 'Server started successfully',
  timestamp: '2025-10-04 14:13:11'
}
{
  message: 'Cleared existing orders and quotes for development',
  level: 'info',
  service: 'autovista-api',
  timestamp: '2025-10-04 14:13:11'
}
{
  service: 'autovista-api',
  port: 8080,
  environment: 'development',
  nodeVersion: 'v22.14.0',
  level: 'info',
  message: 'Server started successfully',
  timestamp: '2025-10-04 14:13:11'
}
{
  message: 'Connected to MongoDB successfully',
  level: 'info',
  service: 'autovista-api',
  timestamp: '2025-10-04 14:13:28'
}
{
  message: 'Connected to MongoDB successfully',
  level: 'info',
  service: 'autovista-api',
  timestamp: '2025-10-04 14:13:28'
}
{
  message: 'Connected to MongoDB successfully',
  level: 'info',
  service: 'autovista-api',
  timestamp: '2025-10-04 14:13:28'
}
{
  message: 'Cleared existing orders and quotes for development',
  level: 'info',
  service: 'autovista-api',
  timestamp: '2025-10-04 14:13:28'
}
{
  service: 'autovista-api',
  port: 8080,
  environment: 'development',
  nodeVersion: 'v22.14.0',
  level: 'info',
  message: 'Server started successfully',
  timestamp: '2025-10-04 14:13:28'
}
{
  message: 'Cleared existing orders and quotes for development',
  level: 'info',
  service: 'autovista-api',
  timestamp: '2025-10-04 14:13:28'
}
{
  service: 'autovista-api',
  port: 8080,
  environment: 'development',
  nodeVersion: 'v22.14.0',
  level: 'info',
  message: 'Server started successfully',
  timestamp: '2025-10-04 14:13:28'
}
{
  message: 'Cleared existing orders and quotes for development',
  level: 'info',
  service: 'autovista-api',
  timestamp: '2025-10-04 14:13:28'
}
{
  service: 'autovista-api',
  port: 8080,
  environment: 'development',
  nodeVersion: 'v22.14.0',
  level: 'info',
  message: 'Server started successfully',
  timestamp: '2025-10-04 14:13:28'
}
{
  message: 'Connected to MongoDB successfully',
  level: 'info',
  service: 'autovista-api',
  timestamp: '2025-10-04 14:13:43'
}
{
  message: 'Connected to MongoDB successfully',
  level: 'info',
  service: 'autovista-api',
  timestamp: '2025-10-04 14:13:43'
}
{
  message: 'Connected to MongoDB successfully',
  level: 'info',
  service: 'autovista-api',
  timestamp: '2025-10-04 14:13:43'
}
{
  message: 'Cleared existing orders and quotes for development',
  level: 'info',
  service: 'autovista-api',
  timestamp: '2025-10-04 14:13:44'
}
{
  service: 'autovista-api',
  port: 8080,
  environment: 'development',
  nodeVersion: 'v22.14.0',
  level: 'info',
  message: 'Server started successfully',
  timestamp: '2025-10-04 14:13:44'
}
{
  message: 'Cleared existing orders and quotes for development',
  level: 'info',
  service: 'autovista-api',
  timestamp: '2025-10-04 14:13:44'
}
{
  service: 'autovista-api',
  port: 8080,
  environment: 'development',
  nodeVersion: 'v22.14.0',
  level: 'info',
  message: 'Server started successfully',
  timestamp: '2025-10-04 14:13:44'
}
{
  message: 'Cleared existing orders and quotes for development',
  level: 'info',
  service: 'autovista-api',
  timestamp: '2025-10-04 14:13:44'
}
{
  service: 'autovista-api',
  port: 8080,
  environment: 'development',
  nodeVersion: 'v22.14.0',
  level: 'info',
  message: 'Server started successfully',
  timestamp: '2025-10-04 14:13:44'
}
{
  message: 'Connected to MongoDB successfully',
  level: 'info',
  service: 'autovista-api',
  timestamp: '2025-10-04 14:18:15'
}
{
  message: 'Connected to MongoDB successfully',
  level: 'info',
  service: 'autovista-api',
  timestamp: '2025-10-04 14:18:15'
}
{
  message: 'Connected to MongoDB successfully',
  level: 'info',
  service: 'autovista-api',
  timestamp: '2025-10-04 14:18:15'
}
{
  message: 'Cleared existing orders and quotes for development',
  level: 'info',
  service: 'autovista-api',
  timestamp: '2025-10-04 14:18:15'
}
{
  service: 'autovista-api',
  port: 8080,
  environment: 'development',
  nodeVersion: 'v22.14.0',
  level: 'info',
  message: 'Server started successfully',
  timestamp: '2025-10-04 14:18:15'
}
{
  message: 'Cleared existing orders and quotes for development',
  level: 'info',
  service: 'autovista-api',
  timestamp: '2025-10-04 14:18:15'
}
{
  service: 'autovista-api',
  port: 8080,
  environment: 'development',
  nodeVersion: 'v22.14.0',
  level: 'info',
  message: 'Server started successfully',
  timestamp: '2025-10-04 14:18:15'
}
{
  message: 'Cleared existing orders and quotes for development',
  level: 'info',
  service: 'autovista-api',
  timestamp: '2025-10-04 14:18:15'
}
{
  service: 'autovista-api',
  port: 8080,
  environment: 'development',
  nodeVersion: 'v22.14.0',
  level: 'info',
  message: 'Server started successfully',
  timestamp: '2025-10-04 14:18:15'
}
{
  message: 'Connected to MongoDB successfully',
  level: 'info',
  service: 'autovista-api',
  timestamp: '2025-10-04 14:18:24'
}
{
  message: 'Connected to MongoDB successfully',
  level: 'info',
  service: 'autovista-api',
  timestamp: '2025-10-04 14:18:24'
}
{
  message: 'Connected to MongoDB successfully',
  level: 'info',
  service: 'autovista-api',
  timestamp: '2025-10-04 14:18:24'
}
{
  message: 'Cleared existing orders and quotes for development',
  level: 'info',
  service: 'autovista-api',
  timestamp: '2025-10-04 14:18:24'
}
{
  service: 'autovista-api',
  port: 8080,
  environment: 'development',
  nodeVersion: 'v22.14.0',
  level: 'info',
  message: 'Server started successfully',
  timestamp: '2025-10-04 14:18:24'
}
{
  message: 'Cleared existing orders and quotes for development',
  level: 'info',
  service: 'autovista-api',
  timestamp: '2025-10-04 14:18:25'
}
{
  service: 'autovista-api',
  port: 8080,
  environment: 'development',
  nodeVersion: 'v22.14.0',
  level: 'info',
  message: 'Server started successfully',
  timestamp: '2025-10-04 14:18:25'
}
{
  message: 'Cleared existing orders and quotes for development',
  level: 'info',
  service: 'autovista-api',
  timestamp: '2025-10-04 14:18:25'
}
{
  service: 'autovista-api',
  port: 8080,
  environment: 'development',
  nodeVersion: 'v22.14.0',
  level: 'info',
  message: 'Server started successfully',
  timestamp: '2025-10-04 14:18:25'
}
{
  message: 'Connected to MongoDB successfully',
  level: 'info',
  service: 'autovista-api',
  timestamp: '2025-10-04 14:18:47'
}
{
  message: 'Connected to MongoDB successfully',
  level: 'info',
  service: 'autovista-api',
  timestamp: '2025-10-04 14:18:47'
}
{
  message: 'Connected to MongoDB successfully',
  level: 'info',
  service: 'autovista-api',
  timestamp: '2025-10-04 14:18:47'
}
{
  message: 'Cleared existing orders and quotes for development',
  level: 'info',
  service: 'autovista-api',
  timestamp: '2025-10-04 14:18:47'
}
{
  service: 'autovista-api',
  port: 8080,
  environment: 'development',
  nodeVersion: 'v22.14.0',
  level: 'info',
  message: 'Server started successfully',
  timestamp: '2025-10-04 14:18:47'
}
{
  message: 'Cleared existing orders and quotes for development',
  level: 'info',
  service: 'autovista-api',
  timestamp: '2025-10-04 14:18:47'
}
{
  service: 'autovista-api',
  port: 8080,
  environment: 'development',
  nodeVersion: 'v22.14.0',
  level: 'info',
  message: 'Server started successfully',
  timestamp: '2025-10-04 14:18:47'
}
{
  message: 'Cleared existing orders and quotes for development',
  level: 'info',
  service: 'autovista-api',
  timestamp: '2025-10-04 14:18:48'
}
{
  service: 'autovista-api',
  port: 8080,
  environment: 'development',
  nodeVersion: 'v22.14.0',
  level: 'info',
  message: 'Server started successfully',
  timestamp: '2025-10-04 14:18:48'
}
{
  message: 'Connected to MongoDB successfully',
  level: 'info',
  service: 'autovista-api',
  timestamp: '2025-10-04 14:18:52'
}
{
  message: 'Connected to MongoDB successfully',
  level: 'info',
  service: 'autovista-api',
  timestamp: '2025-10-04 14:18:52'
}
{
  message: 'Connected to MongoDB successfully',
  level: 'info',
  service: 'autovista-api',
  timestamp: '2025-10-04 14:18:52'
}
{
  message: 'Cleared existing orders and quotes for development',
  level: 'info',
  service: 'autovista-api',
  timestamp: '2025-10-04 14:18:52'
}
{
  service: 'autovista-api',
  port: 8080,
  environment: 'development',
  nodeVersion: 'v22.14.0',
  level: 'info',
  message: 'Server started successfully',
  timestamp: '2025-10-04 14:18:52'
}
{
  message: 'Cleared existing orders and quotes for development',
  level: 'info',
  service: 'autovista-api',
  timestamp: '2025-10-04 14:18:53'
}
{
  service: 'autovista-api',
  port: 8080,
  environment: 'development',
  nodeVersion: 'v22.14.0',
  level: 'info',
  message: 'Server started successfully',
  timestamp: '2025-10-04 14:18:53'
}
{
  message: 'Cleared existing orders and quotes for development',
  level: 'info',
  service: 'autovista-api',
  timestamp: '2025-10-04 14:18:53'
}
{
  service: 'autovista-api',
  port: 8080,
  environment: 'development',
  nodeVersion: 'v22.14.0',
  level: 'info',
  message: 'Server started successfully',
  timestamp: '2025-10-04 14:18:53'
}
{
  message: 'Connected to MongoDB successfully',
  level: 'info',
  service: 'autovista-api',
  timestamp: '2025-10-04 14:38:49'
}
{
  message: 'Cleared existing orders and quotes for development',
  level: 'info',
  service: 'autovista-api',
  timestamp: '2025-10-04 14:38:50'
}
{
  service: 'autovista-api',
  port: 8080,
  environment: 'development',
  nodeVersion: 'v22.14.0',
  level: 'info',
  message: 'Server started successfully',
  timestamp: '2025-10-04 14:38:50'
}
