{
  message: 'Connected to MongoDB successfully',
  level: 'info',
  service: 'autovista-api',
  timestamp: '2026-02-22 19:05:11'
}
{
  message: 'Cron jobs enabled (non-production mode)',
  level: 'info',
  service: 'autovista-api',
  timestamp: '2026-02-22 19:05:11'
}
{
  message: '✅ Cron jobs initialized - Notifications scheduled at 6/10/14/20 (6am/10am/2pm/8pm EST)',
  level: 'info',
  service: 'autovista-api',
  timestamp: '2026-02-22 19:05:11'
}
{
  service: 'autovista-api',
  routes: [
    'GET /api/v1/user (current user)',
    'GET /api/v1/users (list users)',
    'GET /api/v1/user/:userId',
    'POST /api/v1/user',
    'PATCH /api/v1/user/:userId',
    'DELETE /api/v1/user/:userId'
  ],
  level: 'info',
  message: 'API routes registered',
  timestamp: '2026-02-22 19:05:11'
}
{
  service: 'autovista-api',
  port: 8080,
  environment: 'development',
  nodeVersion: 'v22.14.0',
  level: 'info',
  message: 'Server started successfully',
  timestamp: '2026-02-22 19:05:11'
}
{
  service: 'autovista-api',
  method: 'GET',
  url: '/api/v1/user',
  ip: '::1',
  userAgent: 'Mozilla/5.0 (Macintosh; Intel Mac OS X 10_15_7) AppleWebKit/537.36 (KHTML, like Gecko) Chrome/144.0.0.0 Safari/537.36',
  contentLength: undefined,
  level: 'info',
  message: 'Incoming request',
  timestamp: '2026-02-22 19:06:13'
}
{
  service: 'autovista-api',
  path: '/',
  url: '/',
  level: 'info',
  message: 'getAuthorizedUser called',
  timestamp: '2026-02-22 19:06:13'
}
{
  service: 'autovista-api',
  method: 'GET',
  url: '/',
  statusCode: 200,
  duration: '159ms',
  ip: '::1',
  level: 'info',
  message: 'Request completed',
  timestamp: '2026-02-22 19:06:13'
}
{
  service: 'autovista-api',
  method: 'GET',
  url: '/api/v1/portals',
  ip: '::1',
  userAgent: 'Mozilla/5.0 (Macintosh; Intel Mac OS X 10_15_7) AppleWebKit/537.36 (KHTML, like Gecko) Chrome/144.0.0.0 Safari/537.36',
  contentLength: undefined,
  level: 'info',
  message: 'Incoming request',
  timestamp: '2026-02-22 19:06:13'
}
{
  service: 'autovista-api',
  count: 112,
  userRole: 'platform_admin',
  userEmail: 'anna@periscopeworks.io',
  level: 'info',
  message: 'getPortals - returning portals',
  timestamp: '2026-02-22 19:06:14'
}
{
  service: 'autovista-api',
  method: 'GET',
  url: '/api/v1/portals',
  statusCode: 200,
  duration: '598ms',
  ip: '::1',
  level: 'info',
  message: 'Request completed',
  timestamp: '2026-02-22 19:06:14'
}
{
  service: 'autovista-api',
  method: 'GET',
  url: '/api/v1/portals',
  ip: '::1',
  userAgent: 'Mozilla/5.0 (Macintosh; Intel Mac OS X 10_15_7) AppleWebKit/537.36 (KHTML, like Gecko) Chrome/144.0.0.0 Safari/537.36',
  contentLength: undefined,
  level: 'info',
  message: 'Incoming request',
  timestamp: '2026-02-22 19:06:14'
}
{
  service: 'autovista-api',
  count: 112,
  userRole: 'platform_admin',
  userEmail: 'anna@periscopeworks.io',
  level: 'info',
  message: 'getPortals - returning portals',
  timestamp: '2026-02-22 19:06:14'
}
{
  service: 'autovista-api',
  method: 'GET',
  url: '/api/v1/portals',
  statusCode: 200,
  duration: '464ms',
  ip: '::1',
  level: 'info',
  message: 'Request completed',
  timestamp: '2026-02-22 19:06:14'
}
{
  service: 'autovista-api',
  method: 'GET',
  url: '/api/v1/user',
  ip: '::1',
  userAgent: 'Mozilla/5.0 (Macintosh; Intel Mac OS X 10_15_7) AppleWebKit/537.36 (KHTML, like Gecko) Chrome/144.0.0.0 Safari/537.36',
  contentLength: undefined,
  level: 'info',
  message: 'Incoming request',
  timestamp: '2026-02-22 19:06:45'
}
{
  service: 'autovista-api',
  path: '/',
  url: '/',
  level: 'info',
  message: 'getAuthorizedUser called',
  timestamp: '2026-02-22 19:06:45'
}
{
  service: 'autovista-api',
  method: 'GET',
  url: '/api/v1/brands',
  ip: '::1',
  userAgent: 'Mozilla/5.0 (Macintosh; Intel Mac OS X 10_15_7) AppleWebKit/537.36 (KHTML, like Gecko) Chrome/144.0.0.0 Safari/537.36',
  contentLength: undefined,
  level: 'info',
  message: 'Incoming request',
  timestamp: '2026-02-22 19:06:45'
}
{
  service: 'autovista-api',
  method: 'GET',
  url: '/api/v1/portal/64ece35abfc3deb98e9d180f',
  ip: '::1',
  userAgent: 'Mozilla/5.0 (Macintosh; Intel Mac OS X 10_15_7) AppleWebKit/537.36 (KHTML, like Gecko) Chrome/144.0.0.0 Safari/537.36',
  contentLength: undefined,
  level: 'info',
  message: 'Incoming request',
  timestamp: '2026-02-22 19:06:45'
}
{
  service: 'autovista-api',
  method: 'GET',
  url: '/',
  statusCode: 200,
  duration: '136ms',
  ip: '::1',
  level: 'info',
  message: 'Request completed',
  timestamp: '2026-02-22 19:06:45'
}
{
  service: 'autovista-api',
  method: 'GET',
  url: '/api/v1/user',
  ip: '::1',
  userAgent: 'Mozilla/5.0 (Macintosh; Intel Mac OS X 10_15_7) AppleWebKit/537.36 (KHTML, like Gecko) Chrome/144.0.0.0 Safari/537.36',
  contentLength: undefined,
  level: 'info',
  message: 'Incoming request',
  timestamp: '2026-02-22 19:06:45'
}
{
  service: 'autovista-api',
  path: '/',
  url: '/',
  level: 'info',
  message: 'getAuthorizedUser called',
  timestamp: '2026-02-22 19:06:45'
}
{
  service: 'autovista-api',
  method: 'GET',
  url: '/api/v1/portals',
  ip: '::1',
  userAgent: 'Mozilla/5.0 (Macintosh; Intel Mac OS X 10_15_7) AppleWebKit/537.36 (KHTML, like Gecko) Chrome/144.0.0.0 Safari/537.36',
  contentLength: undefined,
  level: 'info',
  message: 'Incoming request',
  timestamp: '2026-02-22 19:06:45'
}
{
  service: 'autovista-api',
  method: 'GET',
  url: '/64ece35abfc3deb98e9d180f',
  statusCode: 200,
  duration: '99ms',
  ip: '::1',
  level: 'info',
  message: 'Request completed',
  timestamp: '2026-02-22 19:06:45'
}
{
  service: 'autovista-api',
  method: 'GET',
  url: '/',
  statusCode: 200,
  duration: '101ms',
  ip: '::1',
  level: 'info',
  message: 'Request completed',
  timestamp: '2026-02-22 19:06:45'
}
{
  service: 'autovista-api',
  count: 77,
  sample: {
    _id: new ObjectId('5eb17918a0d72e11faf5f435'),
    make: 'Acura',
    models: [
      {
        model: '2.2CL',
        pricingClass: 'sedan',
        _id: new ObjectId('696820bfc19d0dfcabfbe599'),
        createdAt: 2026-01-14T23:03:27.753Z,
        updatedAt: 2026-01-14T23:03:27.753Z
      },
      {
        model: '2.3CL',
        pricingClass: 'sedan',
        _id: new ObjectId('696820bfc19d0dfcabfbe59a'),
        createdAt: 2026-01-14T23:03:27.753Z,
        updatedAt: 2026-01-14T23:03:27.753Z
      },
      {
        model: '2.5TL',
        pricingClass: 'sedan',
        _id: new ObjectId('696820bfc19d0dfcabfbe59b'),
        createdAt: 2026-01-14T23:03:27.753Z,
        updatedAt: 2026-01-14T23:03:27.753Z
      },
      {
        model: '3.0CL',
        pricingClass: 'sedan',
        _id: new ObjectId('696820bfc19d0dfcabfbe59c'),
        createdAt: 2026-01-14T23:03:27.753Z,
        updatedAt: 2026-01-14T23:03:27.753Z
      },
      {
        model: '3.2CL',
        pricingClass: 'sedan',
        _id: new ObjectId('696820bfc19d0dfcabfbe59d'),
        createdAt: 2026-01-14T23:03:27.753Z,
        updatedAt: 2026-01-14T23:03:27.753Z
      },
      {
        model: '3.2TL',
        pricingClass: 'sedan',
        _id: new ObjectId('696820bfc19d0dfcabfbe59e'),
        createdAt: 2026-01-14T23:03:27.753Z,
        updatedAt: 2026-01-14T23:03:27.753Z
      },
      {
        model: '3.5RL',
        pricingClass: 'sedan',
        _id: new ObjectId('696820bfc19d0dfcabfbe59f'),
        createdAt: 2026-01-14T23:03:27.753Z,
        updatedAt: 2026-01-14T23:03:27.753Z
      },
      {
        model: 'ILX',
        pricingClass: 'sedan',
        _id: new ObjectId('696820bfc19d0dfcabfbe5a0'),
        createdAt: 2026-01-14T23:03:27.753Z,
        updatedAt: 2026-01-14T23:03:27.753Z
      },
      {
        model: 'INTEGRA',
        pricingClass: 'sedan',
        _id: new ObjectId('696820bfc19d0dfcabfbe5a1'),
        createdAt: 2026-01-14T23:03:27.753Z,
        updatedAt: 2026-01-14T23:03:27.753Z
      },
      {
        model: 'LEGEND',
        pricingClass: 'sedan',
        _id: new ObjectId('696820bfc19d0dfcabfbe5a2'),
        createdAt: 2026-01-14T23:03:27.753Z,
        updatedAt: 2026-01-14T23:03:27.753Z
      },
      {
        model: 'MDX',
        pricingClass: 'suv',
        _id: new ObjectId('696820bfc19d0dfcabfbe5a3'),
        createdAt: 2026-01-14T23:03:27.753Z,
        updatedAt: 2026-01-14T23:03:27.753Z
      },
      {
        model: 'NSX',
        pricingClass: 'sedan',
        _id: new ObjectId('696820bfc19d0dfcabfbe5a4'),
        createdAt: 2026-01-14T23:03:27.753Z,
        updatedAt: 2026-01-14T23:03:27.753Z
      },
      {
        model: 'RDX',
        pricingClass: 'suv',
        _id: new ObjectId('696820bfc19d0dfcabfbe5a5'),
        createdAt: 2026-01-14T23:03:27.753Z,
        updatedAt: 2026-01-14T23:03:27.753Z
      },
      {
        model: 'RL',
        pricingClass: 'sedan',
        _id: new ObjectId('696820bfc19d0dfcabfbe5a6'),
        createdAt: 2026-01-14T23:03:27.753Z,
        updatedAt: 2026-01-14T23:03:27.753Z
      },
      {
        model: 'RLX',
        pricingClass: 'sedan',
        _id: new ObjectId('696820bfc19d0dfcabfbe5a7'),
        createdAt: 2026-01-14T23:03:27.753Z,
        updatedAt: 2026-01-14T23:03:27.753Z
      },
      {
        model: 'RSX',
        pricingClass: 'sedan',
        _id: new ObjectId('696820bfc19d0dfcabfbe5a8'),
        createdAt: 2026-01-14T23:03:27.753Z,
        updatedAt: 2026-01-14T23:03:27.753Z
      },
      {
        model: 'SLX',
        pricingClass: 'suv',
        _id: new ObjectId('696820bfc19d0dfcabfbe5a9'),
        createdAt: 2026-01-14T23:03:27.753Z,
        updatedAt: 2026-01-14T23:03:27.753Z
      },
      {
        model: 'TL',
        pricingClass: 'sedan',
        _id: new ObjectId('696820bfc19d0dfcabfbe5aa'),
        createdAt: 2026-01-14T23:03:27.753Z,
        updatedAt: 2026-01-14T23:03:27.753Z
      },
      {
        model: 'TLX',
        pricingClass: 'sedan',
        _id: new ObjectId('696820bfc19d0dfcabfbe5ab'),
        createdAt: 2026-01-14T23:03:27.753Z,
        updatedAt: 2026-01-14T23:03:27.753Z
      },
      {
        model: 'TSX',
        pricingClass: 'sedan',
        _id: new ObjectId('696820bfc19d0dfcabfbe5ac'),
        createdAt: 2026-01-14T23:03:27.753Z,
        updatedAt: 2026-01-14T23:03:27.753Z
      },
      {
        model: 'VIGOR',
        pricingClass: 'sedan',
        _id: new ObjectId('696820bfc19d0dfcabfbe5ad'),
        createdAt: 2026-01-14T23:03:27.753Z,
        updatedAt: 2026-01-14T23:03:27.753Z
      },
      {
        model: 'ZDX',
        pricingClass: 'suv',
        _id: new ObjectId('696820bfc19d0dfcabfbe5ae'),
        createdAt: 2026-01-14T23:03:27.753Z,
        updatedAt: 2026-01-14T23:03:27.753Z
      }
    ],
    createdAt: 2026-01-13T05:33:00.831Z,
    updatedAt: 2026-01-14T23:03:27.753Z
  },
  level: 'info',
  message: 'Makes retrieved successfully',
  timestamp: '2026-02-22 19:06:45'
}
{
  service: 'autovista-api',
  method: 'GET',
  url: '/api/v1/brands',
  statusCode: 200,
  duration: '175ms',
  ip: '::1',
  level: 'info',
  message: 'Request completed',
  timestamp: '2026-02-22 19:06:45'
}
{
  service: 'autovista-api',
  count: 112,
  userRole: 'platform_admin',
  userEmail: 'anna@periscopeworks.io',
  level: 'info',
  message: 'getPortals - returning portals',
  timestamp: '2026-02-22 19:06:46'
}
{
  service: 'autovista-api',
  method: 'GET',
  url: '/api/v1/portals',
  statusCode: 200,
  duration: '456ms',
  ip: '::1',
  level: 'info',
  message: 'Request completed',
  timestamp: '2026-02-22 19:06:46'
}
{
  service: 'autovista-api',
  method: 'GET',
  url: '/api/v1/portals',
  ip: '::1',
  userAgent: 'Mozilla/5.0 (Macintosh; Intel Mac OS X 10_15_7) AppleWebKit/537.36 (KHTML, like Gecko) Chrome/144.0.0.0 Safari/537.36',
  contentLength: undefined,
  level: 'info',
  message: 'Incoming request',
  timestamp: '2026-02-22 19:06:46'
}
{
  service: 'autovista-api',
  count: 112,
  userRole: 'platform_admin',
  userEmail: 'anna@periscopeworks.io',
  level: 'info',
  message: 'getPortals - returning portals',
  timestamp: '2026-02-22 19:06:46'
}
{
  service: 'autovista-api',
  method: 'GET',
  url: '/api/v1/portals',
  statusCode: 200,
  duration: '435ms',
  ip: '::1',
  level: 'info',
  message: 'Request completed',
  timestamp: '2026-02-22 19:06:46'
}
{
  service: 'autovista-api',
  method: 'GET',
  url: '/api/v1/brands',
  ip: '::1',
  userAgent: 'Mozilla/5.0 (Macintosh; Intel Mac OS X 10_15_7) AppleWebKit/537.36 (KHTML, like Gecko) Chrome/144.0.0.0 Safari/537.36',
  contentLength: undefined,
  level: 'info',
  message: 'Incoming request',
  timestamp: '2026-02-22 19:06:51'
}
{
  service: 'autovista-api',
  method: 'GET',
  url: '/api/v1/portal/64ece35abfc3deb98e9d180f',
  ip: '::1',
  userAgent: 'Mozilla/5.0 (Macintosh; Intel Mac OS X 10_15_7) AppleWebKit/537.36 (KHTML, like Gecko) Chrome/144.0.0.0 Safari/537.36',
  contentLength: undefined,
  level: 'info',
  message: 'Incoming request',
  timestamp: '2026-02-22 19:06:51'
}
{
  service: 'autovista-api',
  method: 'GET',
  url: '/64ece35abfc3deb98e9d180f',
  statusCode: 200,
  duration: '101ms',
  ip: '::1',
  level: 'info',
  message: 'Request completed',
  timestamp: '2026-02-22 19:06:51'
}
{
  service: 'autovista-api',
  count: 77,
  sample: {
    _id: new ObjectId('5eb17918a0d72e11faf5f435'),
    make: 'Acura',
    models: [
      {
        model: '2.2CL',
        pricingClass: 'sedan',
        _id: new ObjectId('696820bfc19d0dfcabfbe599'),
        createdAt: 2026-01-14T23:03:27.753Z,
        updatedAt: 2026-01-14T23:03:27.753Z
      },
      {
        model: '2.3CL',
        pricingClass: 'sedan',
        _id: new ObjectId('696820bfc19d0dfcabfbe59a'),
        createdAt: 2026-01-14T23:03:27.753Z,
        updatedAt: 2026-01-14T23:03:27.753Z
      },
      {
        model: '2.5TL',
        pricingClass: 'sedan',
        _id: new ObjectId('696820bfc19d0dfcabfbe59b'),
        createdAt: 2026-01-14T23:03:27.753Z,
        updatedAt: 2026-01-14T23:03:27.753Z
      },
      {
        model: '3.0CL',
        pricingClass: 'sedan',
        _id: new ObjectId('696820bfc19d0dfcabfbe59c'),
        createdAt: 2026-01-14T23:03:27.753Z,
        updatedAt: 2026-01-14T23:03:27.753Z
      },
      {
        model: '3.2CL',
        pricingClass: 'sedan',
        _id: new ObjectId('696820bfc19d0dfcabfbe59d'),
        createdAt: 2026-01-14T23:03:27.753Z,
        updatedAt: 2026-01-14T23:03:27.753Z
      },
      {
        model: '3.2TL',
        pricingClass: 'sedan',
        _id: new ObjectId('696820bfc19d0dfcabfbe59e'),
        createdAt: 2026-01-14T23:03:27.753Z,
        updatedAt: 2026-01-14T23:03:27.753Z
      },
      {
        model: '3.5RL',
        pricingClass: 'sedan',
        _id: new ObjectId('696820bfc19d0dfcabfbe59f'),
        createdAt: 2026-01-14T23:03:27.753Z,
        updatedAt: 2026-01-14T23:03:27.753Z
      },
      {
        model: 'ILX',
        pricingClass: 'sedan',
        _id: new ObjectId('696820bfc19d0dfcabfbe5a0'),
        createdAt: 2026-01-14T23:03:27.753Z,
        updatedAt: 2026-01-14T23:03:27.753Z
      },
      {
        model: 'INTEGRA',
        pricingClass: 'sedan',
        _id: new ObjectId('696820bfc19d0dfcabfbe5a1'),
        createdAt: 2026-01-14T23:03:27.753Z,
        updatedAt: 2026-01-14T23:03:27.753Z
      },
      {
        model: 'LEGEND',
        pricingClass: 'sedan',
        _id: new ObjectId('696820bfc19d0dfcabfbe5a2'),
        createdAt: 2026-01-14T23:03:27.753Z,
        updatedAt: 2026-01-14T23:03:27.753Z
      },
      {
        model: 'MDX',
        pricingClass: 'suv',
        _id: new ObjectId('696820bfc19d0dfcabfbe5a3'),
        createdAt: 2026-01-14T23:03:27.753Z,
        updatedAt: 2026-01-14T23:03:27.753Z
      },
      {
        model: 'NSX',
        pricingClass: 'sedan',
        _id: new ObjectId('696820bfc19d0dfcabfbe5a4'),
        createdAt: 2026-01-14T23:03:27.753Z,
        updatedAt: 2026-01-14T23:03:27.753Z
      },
      {
        model: 'RDX',
        pricingClass: 'suv',
        _id: new ObjectId('696820bfc19d0dfcabfbe5a5'),
        createdAt: 2026-01-14T23:03:27.753Z,
        updatedAt: 2026-01-14T23:03:27.753Z
      },
      {
        model: 'RL',
        pricingClass: 'sedan',
        _id: new ObjectId('696820bfc19d0dfcabfbe5a6'),
        createdAt: 2026-01-14T23:03:27.753Z,
        updatedAt: 2026-01-14T23:03:27.753Z
      },
      {
        model: 'RLX',
        pricingClass: 'sedan',
        _id: new ObjectId('696820bfc19d0dfcabfbe5a7'),
        createdAt: 2026-01-14T23:03:27.753Z,
        updatedAt: 2026-01-14T23:03:27.753Z
      },
      {
        model: 'RSX',
        pricingClass: 'sedan',
        _id: new ObjectId('696820bfc19d0dfcabfbe5a8'),
        createdAt: 2026-01-14T23:03:27.753Z,
        updatedAt: 2026-01-14T23:03:27.753Z
      },
      {
        model: 'SLX',
        pricingClass: 'suv',
        _id: new ObjectId('696820bfc19d0dfcabfbe5a9'),
        createdAt: 2026-01-14T23:03:27.753Z,
        updatedAt: 2026-01-14T23:03:27.753Z
      },
      {
        model: 'TL',
        pricingClass: 'sedan',
        _id: new ObjectId('696820bfc19d0dfcabfbe5aa'),
        createdAt: 2026-01-14T23:03:27.753Z,
        updatedAt: 2026-01-14T23:03:27.753Z
      },
      {
        model: 'TLX',
        pricingClass: 'sedan',
        _id: new ObjectId('696820bfc19d0dfcabfbe5ab'),
        createdAt: 2026-01-14T23:03:27.753Z,
        updatedAt: 2026-01-14T23:03:27.753Z
      },
      {
        model: 'TSX',
        pricingClass: 'sedan',
        _id: new ObjectId('696820bfc19d0dfcabfbe5ac'),
        createdAt: 2026-01-14T23:03:27.753Z,
        updatedAt: 2026-01-14T23:03:27.753Z
      },
      {
        model: 'VIGOR',
        pricingClass: 'sedan',
        _id: new ObjectId('696820bfc19d0dfcabfbe5ad'),
        createdAt: 2026-01-14T23:03:27.753Z,
        updatedAt: 2026-01-14T23:03:27.753Z
      },
      {
        model: 'ZDX',
        pricingClass: 'suv',
        _id: new ObjectId('696820bfc19d0dfcabfbe5ae'),
        createdAt: 2026-01-14T23:03:27.753Z,
        updatedAt: 2026-01-14T23:03:27.753Z
      }
    ],
    createdAt: 2026-01-13T05:33:00.831Z,
    updatedAt: 2026-01-14T23:03:27.753Z
  },
  level: 'info',
  message: 'Makes retrieved successfully',
  timestamp: '2026-02-22 19:06:51'
}
{
  service: 'autovista-api',
  method: 'GET',
  url: '/api/v1/brands',
  statusCode: 200,
  duration: '162ms',
  ip: '::1',
  level: 'info',
  message: 'Request completed',
  timestamp: '2026-02-22 19:06:51'
}
{
  service: 'autovista-api',
  method: 'GET',
  url: '/api/v1/brands',
  ip: '::1',
  userAgent: 'Mozilla/5.0 (Macintosh; Intel Mac OS X 10_15_7) AppleWebKit/537.36 (KHTML, like Gecko) Chrome/144.0.0.0 Safari/537.36',
  contentLength: undefined,
  level: 'info',
  message: 'Incoming request',
  timestamp: '2026-02-22 19:07:32'
}
{
  service: 'autovista-api',
  count: 77,
  sample: {
    _id: new ObjectId('5eb17918a0d72e11faf5f435'),
    make: 'Acura',
    models: [
      {
        model: '2.2CL',
        pricingClass: 'sedan',
        _id: new ObjectId('696820bfc19d0dfcabfbe599'),
        createdAt: 2026-01-14T23:03:27.753Z,
        updatedAt: 2026-01-14T23:03:27.753Z
      },
      {
        model: '2.3CL',
        pricingClass: 'sedan',
        _id: new ObjectId('696820bfc19d0dfcabfbe59a'),
        createdAt: 2026-01-14T23:03:27.753Z,
        updatedAt: 2026-01-14T23:03:27.753Z
      },
      {
        model: '2.5TL',
        pricingClass: 'sedan',
        _id: new ObjectId('696820bfc19d0dfcabfbe59b'),
        createdAt: 2026-01-14T23:03:27.753Z,
        updatedAt: 2026-01-14T23:03:27.753Z
      },
      {
        model: '3.0CL',
        pricingClass: 'sedan',
        _id: new ObjectId('696820bfc19d0dfcabfbe59c'),
        createdAt: 2026-01-14T23:03:27.753Z,
        updatedAt: 2026-01-14T23:03:27.753Z
      },
      {
        model: '3.2CL',
        pricingClass: 'sedan',
        _id: new ObjectId('696820bfc19d0dfcabfbe59d'),
        createdAt: 2026-01-14T23:03:27.753Z,
        updatedAt: 2026-01-14T23:03:27.753Z
      },
      {
        model: '3.2TL',
        pricingClass: 'sedan',
        _id: new ObjectId('696820bfc19d0dfcabfbe59e'),
        createdAt: 2026-01-14T23:03:27.753Z,
        updatedAt: 2026-01-14T23:03:27.753Z
      },
      {
        model: '3.5RL',
        pricingClass: 'sedan',
        _id: new ObjectId('696820bfc19d0dfcabfbe59f'),
        createdAt: 2026-01-14T23:03:27.753Z,
        updatedAt: 2026-01-14T23:03:27.753Z
      },
      {
        model: 'ILX',
        pricingClass: 'sedan',
        _id: new ObjectId('696820bfc19d0dfcabfbe5a0'),
        createdAt: 2026-01-14T23:03:27.753Z,
        updatedAt: 2026-01-14T23:03:27.753Z
      },
      {
        model: 'INTEGRA',
        pricingClass: 'sedan',
        _id: new ObjectId('696820bfc19d0dfcabfbe5a1'),
        createdAt: 2026-01-14T23:03:27.753Z,
        updatedAt: 2026-01-14T23:03:27.753Z
      },
      {
        model: 'LEGEND',
        pricingClass: 'sedan',
        _id: new ObjectId('696820bfc19d0dfcabfbe5a2'),
        createdAt: 2026-01-14T23:03:27.753Z,
        updatedAt: 2026-01-14T23:03:27.753Z
      },
      {
        model: 'MDX',
        pricingClass: 'suv',
        _id: new ObjectId('696820bfc19d0dfcabfbe5a3'),
        createdAt: 2026-01-14T23:03:27.753Z,
        updatedAt: 2026-01-14T23:03:27.753Z
      },
      {
        model: 'NSX',
        pricingClass: 'sedan',
        _id: new ObjectId('696820bfc19d0dfcabfbe5a4'),
        createdAt: 2026-01-14T23:03:27.753Z,
        updatedAt: 2026-01-14T23:03:27.753Z
      },
      {
        model: 'RDX',
        pricingClass: 'suv',
        _id: new ObjectId('696820bfc19d0dfcabfbe5a5'),
        createdAt: 2026-01-14T23:03:27.753Z,
        updatedAt: 2026-01-14T23:03:27.753Z
      },
      {
        model: 'RL',
        pricingClass: 'sedan',
        _id: new ObjectId('696820bfc19d0dfcabfbe5a6'),
        createdAt: 2026-01-14T23:03:27.753Z,
        updatedAt: 2026-01-14T23:03:27.753Z
      },
      {
        model: 'RLX',
        pricingClass: 'sedan',
        _id: new ObjectId('696820bfc19d0dfcabfbe5a7'),
        createdAt: 2026-01-14T23:03:27.753Z,
        updatedAt: 2026-01-14T23:03:27.753Z
      },
      {
        model: 'RSX',
        pricingClass: 'sedan',
        _id: new ObjectId('696820bfc19d0dfcabfbe5a8'),
        createdAt: 2026-01-14T23:03:27.753Z,
        updatedAt: 2026-01-14T23:03:27.753Z
      },
      {
        model: 'SLX',
        pricingClass: 'suv',
        _id: new ObjectId('696820bfc19d0dfcabfbe5a9'),
        createdAt: 2026-01-14T23:03:27.753Z,
        updatedAt: 2026-01-14T23:03:27.753Z
      },
      {
        model: 'TL',
        pricingClass: 'sedan',
        _id: new ObjectId('696820bfc19d0dfcabfbe5aa'),
        createdAt: 2026-01-14T23:03:27.753Z,
        updatedAt: 2026-01-14T23:03:27.753Z
      },
      {
        model: 'TLX',
        pricingClass: 'sedan',
        _id: new ObjectId('696820bfc19d0dfcabfbe5ab'),
        createdAt: 2026-01-14T23:03:27.753Z,
        updatedAt: 2026-01-14T23:03:27.753Z
      },
      {
        model: 'TSX',
        pricingClass: 'sedan',
        _id: new ObjectId('696820bfc19d0dfcabfbe5ac'),
        createdAt: 2026-01-14T23:03:27.753Z,
        updatedAt: 2026-01-14T23:03:27.753Z
      },
      {
        model: 'VIGOR',
        pricingClass: 'sedan',
        _id: new ObjectId('696820bfc19d0dfcabfbe5ad'),
        createdAt: 2026-01-14T23:03:27.753Z,
        updatedAt: 2026-01-14T23:03:27.753Z
      },
      {
        model: 'ZDX',
        pricingClass: 'suv',
        _id: new ObjectId('696820bfc19d0dfcabfbe5ae'),
        createdAt: 2026-01-14T23:03:27.753Z,
        updatedAt: 2026-01-14T23:03:27.753Z
      }
    ],
    createdAt: 2026-01-13T05:33:00.831Z,
    updatedAt: 2026-01-14T23:03:27.753Z
  },
  level: 'info',
  message: 'Makes retrieved successfully',
  timestamp: '2026-02-22 19:07:33'
}
{
  service: 'autovista-api',
  method: 'GET',
  url: '/api/v1/brands',
  statusCode: 200,
  duration: '293ms',
  ip: '::1',
  level: 'info',
  message: 'Request completed',
  timestamp: '2026-02-22 19:07:33'
}
{
  service: 'autovista-api',
  method: 'GET',
  url: '/api/v1/brands',
  ip: '::1',
  userAgent: 'Mozilla/5.0 (Macintosh; Intel Mac OS X 10_15_7) AppleWebKit/537.36 (KHTML, like Gecko) Chrome/144.0.0.0 Safari/537.36',
  contentLength: undefined,
  level: 'info',
  message: 'Incoming request',
  timestamp: '2026-02-22 19:08:48'
}
{
  service: 'autovista-api',
  count: 77,
  sample: {
    _id: new ObjectId('5eb17918a0d72e11faf5f435'),
    make: 'Acura',
    models: [
      {
        model: '2.2CL',
        pricingClass: 'sedan',
        _id: new ObjectId('696820bfc19d0dfcabfbe599'),
        createdAt: 2026-01-14T23:03:27.753Z,
        updatedAt: 2026-01-14T23:03:27.753Z
      },
      {
        model: '2.3CL',
        pricingClass: 'sedan',
        _id: new ObjectId('696820bfc19d0dfcabfbe59a'),
        createdAt: 2026-01-14T23:03:27.753Z,
        updatedAt: 2026-01-14T23:03:27.753Z
      },
      {
        model: '2.5TL',
        pricingClass: 'sedan',
        _id: new ObjectId('696820bfc19d0dfcabfbe59b'),
        createdAt: 2026-01-14T23:03:27.753Z,
        updatedAt: 2026-01-14T23:03:27.753Z
      },
      {
        model: '3.0CL',
        pricingClass: 'sedan',
        _id: new ObjectId('696820bfc19d0dfcabfbe59c'),
        createdAt: 2026-01-14T23:03:27.753Z,
        updatedAt: 2026-01-14T23:03:27.753Z
      },
      {
        model: '3.2CL',
        pricingClass: 'sedan',
        _id: new ObjectId('696820bfc19d0dfcabfbe59d'),
        createdAt: 2026-01-14T23:03:27.753Z,
        updatedAt: 2026-01-14T23:03:27.753Z
      },
      {
        model: '3.2TL',
        pricingClass: 'sedan',
        _id: new ObjectId('696820bfc19d0dfcabfbe59e'),
        createdAt: 2026-01-14T23:03:27.753Z,
        updatedAt: 2026-01-14T23:03:27.753Z
      },
      {
        model: '3.5RL',
        pricingClass: 'sedan',
        _id: new ObjectId('696820bfc19d0dfcabfbe59f'),
        createdAt: 2026-01-14T23:03:27.753Z,
        updatedAt: 2026-01-14T23:03:27.753Z
      },
      {
        model: 'ILX',
        pricingClass: 'sedan',
        _id: new ObjectId('696820bfc19d0dfcabfbe5a0'),
        createdAt: 2026-01-14T23:03:27.753Z,
        updatedAt: 2026-01-14T23:03:27.753Z
      },
      {
        model: 'INTEGRA',
        pricingClass: 'sedan',
        _id: new ObjectId('696820bfc19d0dfcabfbe5a1'),
        createdAt: 2026-01-14T23:03:27.753Z,
        updatedAt: 2026-01-14T23:03:27.753Z
      },
      {
        model: 'LEGEND',
        pricingClass: 'sedan',
        _id: new ObjectId('696820bfc19d0dfcabfbe5a2'),
        createdAt: 2026-01-14T23:03:27.753Z,
        updatedAt: 2026-01-14T23:03:27.753Z
      },
      {
        model: 'MDX',
        pricingClass: 'suv',
        _id: new ObjectId('696820bfc19d0dfcabfbe5a3'),
        createdAt: 2026-01-14T23:03:27.753Z,
        updatedAt: 2026-01-14T23:03:27.753Z
      },
      {
        model: 'NSX',
        pricingClass: 'sedan',
        _id: new ObjectId('696820bfc19d0dfcabfbe5a4'),
        createdAt: 2026-01-14T23:03:27.753Z,
        updatedAt: 2026-01-14T23:03:27.753Z
      },
      {
        model: 'RDX',
        pricingClass: 'suv',
        _id: new ObjectId('696820bfc19d0dfcabfbe5a5'),
        createdAt: 2026-01-14T23:03:27.753Z,
        updatedAt: 2026-01-14T23:03:27.753Z
      },
      {
        model: 'RL',
        pricingClass: 'sedan',
        _id: new ObjectId('696820bfc19d0dfcabfbe5a6'),
        createdAt: 2026-01-14T23:03:27.753Z,
        updatedAt: 2026-01-14T23:03:27.753Z
      },
      {
        model: 'RLX',
        pricingClass: 'sedan',
        _id: new ObjectId('696820bfc19d0dfcabfbe5a7'),
        createdAt: 2026-01-14T23:03:27.753Z,
        updatedAt: 2026-01-14T23:03:27.753Z
      },
      {
        model: 'RSX',
        pricingClass: 'sedan',
        _id: new ObjectId('696820bfc19d0dfcabfbe5a8'),
        createdAt: 2026-01-14T23:03:27.753Z,
        updatedAt: 2026-01-14T23:03:27.753Z
      },
      {
        model: 'SLX',
        pricingClass: 'suv',
        _id: new ObjectId('696820bfc19d0dfcabfbe5a9'),
        createdAt: 2026-01-14T23:03:27.753Z,
        updatedAt: 2026-01-14T23:03:27.753Z
      },
      {
        model: 'TL',
        pricingClass: 'sedan',
        _id: new ObjectId('696820bfc19d0dfcabfbe5aa'),
        createdAt: 2026-01-14T23:03:27.753Z,
        updatedAt: 2026-01-14T23:03:27.753Z
      },
      {
        model: 'TLX',
        pricingClass: 'sedan',
        _id: new ObjectId('696820bfc19d0dfcabfbe5ab'),
        createdAt: 2026-01-14T23:03:27.753Z,
        updatedAt: 2026-01-14T23:03:27.753Z
      },
      {
        model: 'TSX',
        pricingClass: 'sedan',
        _id: new ObjectId('696820bfc19d0dfcabfbe5ac'),
        createdAt: 2026-01-14T23:03:27.753Z,
        updatedAt: 2026-01-14T23:03:27.753Z
      },
      {
        model: 'VIGOR',
        pricingClass: 'sedan',
        _id: new ObjectId('696820bfc19d0dfcabfbe5ad'),
        createdAt: 2026-01-14T23:03:27.753Z,
        updatedAt: 2026-01-14T23:03:27.753Z
      },
      {
        model: 'ZDX',
        pricingClass: 'suv',
        _id: new ObjectId('696820bfc19d0dfcabfbe5ae'),
        createdAt: 2026-01-14T23:03:27.753Z,
        updatedAt: 2026-01-14T23:03:27.753Z
      }
    ],
    createdAt: 2026-01-13T05:33:00.831Z,
    updatedAt: 2026-01-14T23:03:27.753Z
  },
  level: 'info',
  message: 'Makes retrieved successfully',
  timestamp: '2026-02-22 19:08:48'
}
{
  service: 'autovista-api',
  method: 'GET',
  url: '/api/v1/brands',
  statusCode: 200,
  duration: '172ms',
  ip: '::1',
  level: 'info',
  message: 'Request completed',
  timestamp: '2026-02-22 19:08:48'
}
{
  service: 'autovista-api',
  method: 'GET',
  url: '/api/v1/brands',
  ip: '::1',
  userAgent: 'Mozilla/5.0 (Macintosh; Intel Mac OS X 10_15_7) AppleWebKit/537.36 (KHTML, like Gecko) Chrome/144.0.0.0 Safari/537.36',
  contentLength: undefined,
  level: 'info',
  message: 'Incoming request',
  timestamp: '2026-02-22 19:09:02'
}
{
  service: 'autovista-api',
  count: 77,
  sample: {
    _id: new ObjectId('5eb17918a0d72e11faf5f435'),
    make: 'Acura',
    models: [
      {
        model: '2.2CL',
        pricingClass: 'sedan',
        _id: new ObjectId('696820bfc19d0dfcabfbe599'),
        createdAt: 2026-01-14T23:03:27.753Z,
        updatedAt: 2026-01-14T23:03:27.753Z
      },
      {
        model: '2.3CL',
        pricingClass: 'sedan',
        _id: new ObjectId('696820bfc19d0dfcabfbe59a'),
        createdAt: 2026-01-14T23:03:27.753Z,
        updatedAt: 2026-01-14T23:03:27.753Z
      },
      {
        model: '2.5TL',
        pricingClass: 'sedan',
        _id: new ObjectId('696820bfc19d0dfcabfbe59b'),
        createdAt: 2026-01-14T23:03:27.753Z,
        updatedAt: 2026-01-14T23:03:27.753Z
      },
      {
        model: '3.0CL',
        pricingClass: 'sedan',
        _id: new ObjectId('696820bfc19d0dfcabfbe59c'),
        createdAt: 2026-01-14T23:03:27.753Z,
        updatedAt: 2026-01-14T23:03:27.753Z
      },
      {
        model: '3.2CL',
        pricingClass: 'sedan',
        _id: new ObjectId('696820bfc19d0dfcabfbe59d'),
        createdAt: 2026-01-14T23:03:27.753Z,
        updatedAt: 2026-01-14T23:03:27.753Z
      },
      {
        model: '3.2TL',
        pricingClass: 'sedan',
        _id: new ObjectId('696820bfc19d0dfcabfbe59e'),
        createdAt: 2026-01-14T23:03:27.753Z,
        updatedAt: 2026-01-14T23:03:27.753Z
      },
      {
        model: '3.5RL',
        pricingClass: 'sedan',
        _id: new ObjectId('696820bfc19d0dfcabfbe59f'),
        createdAt: 2026-01-14T23:03:27.753Z,
        updatedAt: 2026-01-14T23:03:27.753Z
      },
      {
        model: 'ILX',
        pricingClass: 'sedan',
        _id: new ObjectId('696820bfc19d0dfcabfbe5a0'),
        createdAt: 2026-01-14T23:03:27.753Z,
        updatedAt: 2026-01-14T23:03:27.753Z
      },
      {
        model: 'INTEGRA',
        pricingClass: 'sedan',
        _id: new ObjectId('696820bfc19d0dfcabfbe5a1'),
        createdAt: 2026-01-14T23:03:27.753Z,
        updatedAt: 2026-01-14T23:03:27.753Z
      },
      {
        model: 'LEGEND',
        pricingClass: 'sedan',
        _id: new ObjectId('696820bfc19d0dfcabfbe5a2'),
        createdAt: 2026-01-14T23:03:27.753Z,
        updatedAt: 2026-01-14T23:03:27.753Z
      },
      {
        model: 'MDX',
        pricingClass: 'suv',
        _id: new ObjectId('696820bfc19d0dfcabfbe5a3'),
        createdAt: 2026-01-14T23:03:27.753Z,
        updatedAt: 2026-01-14T23:03:27.753Z
      },
      {
        model: 'NSX',
        pricingClass: 'sedan',
        _id: new ObjectId('696820bfc19d0dfcabfbe5a4'),
        createdAt: 2026-01-14T23:03:27.753Z,
        updatedAt: 2026-01-14T23:03:27.753Z
      },
      {
        model: 'RDX',
        pricingClass: 'suv',
        _id: new ObjectId('696820bfc19d0dfcabfbe5a5'),
        createdAt: 2026-01-14T23:03:27.753Z,
        updatedAt: 2026-01-14T23:03:27.753Z
      },
      {
        model: 'RL',
        pricingClass: 'sedan',
        _id: new ObjectId('696820bfc19d0dfcabfbe5a6'),
        createdAt: 2026-01-14T23:03:27.753Z,
        updatedAt: 2026-01-14T23:03:27.753Z
      },
      {
        model: 'RLX',
        pricingClass: 'sedan',
        _id: new ObjectId('696820bfc19d0dfcabfbe5a7'),
        createdAt: 2026-01-14T23:03:27.753Z,
        updatedAt: 2026-01-14T23:03:27.753Z
      },
      {
        model: 'RSX',
        pricingClass: 'sedan',
        _id: new ObjectId('696820bfc19d0dfcabfbe5a8'),
        createdAt: 2026-01-14T23:03:27.753Z,
        updatedAt: 2026-01-14T23:03:27.753Z
      },
      {
        model: 'SLX',
        pricingClass: 'suv',
        _id: new ObjectId('696820bfc19d0dfcabfbe5a9'),
        createdAt: 2026-01-14T23:03:27.753Z,
        updatedAt: 2026-01-14T23:03:27.753Z
      },
      {
        model: 'TL',
        pricingClass: 'sedan',
        _id: new ObjectId('696820bfc19d0dfcabfbe5aa'),
        createdAt: 2026-01-14T23:03:27.753Z,
        updatedAt: 2026-01-14T23:03:27.753Z
      },
      {
        model: 'TLX',
        pricingClass: 'sedan',
        _id: new ObjectId('696820bfc19d0dfcabfbe5ab'),
        createdAt: 2026-01-14T23:03:27.753Z,
        updatedAt: 2026-01-14T23:03:27.753Z
      },
      {
        model: 'TSX',
        pricingClass: 'sedan',
        _id: new ObjectId('696820bfc19d0dfcabfbe5ac'),
        createdAt: 2026-01-14T23:03:27.753Z,
        updatedAt: 2026-01-14T23:03:27.753Z
      },
      {
        model: 'VIGOR',
        pricingClass: 'sedan',
        _id: new ObjectId('696820bfc19d0dfcabfbe5ad'),
        createdAt: 2026-01-14T23:03:27.753Z,
        updatedAt: 2026-01-14T23:03:27.753Z
      },
      {
        model: 'ZDX',
        pricingClass: 'suv',
        _id: new ObjectId('696820bfc19d0dfcabfbe5ae'),
        createdAt: 2026-01-14T23:03:27.753Z,
        updatedAt: 2026-01-14T23:03:27.753Z
      }
    ],
    createdAt: 2026-01-13T05:33:00.831Z,
    updatedAt: 2026-01-14T23:03:27.753Z
  },
  level: 'info',
  message: 'Makes retrieved successfully',
  timestamp: '2026-02-22 19:09:02'
}
{
  service: 'autovista-api',
  method: 'GET',
  url: '/api/v1/brands',
  statusCode: 200,
  duration: '158ms',
  ip: '::1',
  level: 'info',
  message: 'Request completed',
  timestamp: '2026-02-22 19:09:02'
}
{
  service: 'autovista-api',
  method: 'GET',
  url: '/api/v1/brands',
  ip: '::1',
  userAgent: 'Mozilla/5.0 (Macintosh; Intel Mac OS X 10_15_7) AppleWebKit/537.36 (KHTML, like Gecko) Chrome/144.0.0.0 Safari/537.36',
  contentLength: undefined,
  level: 'info',
  message: 'Incoming request',
  timestamp: '2026-02-22 19:11:54'
}
{
  service: 'autovista-api',
  count: 77,
  sample: {
    _id: new ObjectId('5eb17918a0d72e11faf5f435'),
    make: 'Acura',
    models: [
      {
        model: '2.2CL',
        pricingClass: 'sedan',
        _id: new ObjectId('696820bfc19d0dfcabfbe599'),
        createdAt: 2026-01-14T23:03:27.753Z,
        updatedAt: 2026-01-14T23:03:27.753Z
      },
      {
        model: '2.3CL',
        pricingClass: 'sedan',
        _id: new ObjectId('696820bfc19d0dfcabfbe59a'),
        createdAt: 2026-01-14T23:03:27.753Z,
        updatedAt: 2026-01-14T23:03:27.753Z
      },
      {
        model: '2.5TL',
        pricingClass: 'sedan',
        _id: new ObjectId('696820bfc19d0dfcabfbe59b'),
        createdAt: 2026-01-14T23:03:27.753Z,
        updatedAt: 2026-01-14T23:03:27.753Z
      },
      {
        model: '3.0CL',
        pricingClass: 'sedan',
        _id: new ObjectId('696820bfc19d0dfcabfbe59c'),
        createdAt: 2026-01-14T23:03:27.753Z,
        updatedAt: 2026-01-14T23:03:27.753Z
      },
      {
        model: '3.2CL',
        pricingClass: 'sedan',
        _id: new ObjectId('696820bfc19d0dfcabfbe59d'),
        createdAt: 2026-01-14T23:03:27.753Z,
        updatedAt: 2026-01-14T23:03:27.753Z
      },
      {
        model: '3.2TL',
        pricingClass: 'sedan',
        _id: new ObjectId('696820bfc19d0dfcabfbe59e'),
        createdAt: 2026-01-14T23:03:27.753Z,
        updatedAt: 2026-01-14T23:03:27.753Z
      },
      {
        model: '3.5RL',
        pricingClass: 'sedan',
        _id: new ObjectId('696820bfc19d0dfcabfbe59f'),
        createdAt: 2026-01-14T23:03:27.753Z,
        updatedAt: 2026-01-14T23:03:27.753Z
      },
      {
        model: 'ILX',
        pricingClass: 'sedan',
        _id: new ObjectId('696820bfc19d0dfcabfbe5a0'),
        createdAt: 2026-01-14T23:03:27.753Z,
        updatedAt: 2026-01-14T23:03:27.753Z
      },
      {
        model: 'INTEGRA',
        pricingClass: 'sedan',
        _id: new ObjectId('696820bfc19d0dfcabfbe5a1'),
        createdAt: 2026-01-14T23:03:27.753Z,
        updatedAt: 2026-01-14T23:03:27.753Z
      },
      {
        model: 'LEGEND',
        pricingClass: 'sedan',
        _id: new ObjectId('696820bfc19d0dfcabfbe5a2'),
        createdAt: 2026-01-14T23:03:27.753Z,
        updatedAt: 2026-01-14T23:03:27.753Z
      },
      {
        model: 'MDX',
        pricingClass: 'suv',
        _id: new ObjectId('696820bfc19d0dfcabfbe5a3'),
        createdAt: 2026-01-14T23:03:27.753Z,
        updatedAt: 2026-01-14T23:03:27.753Z
      },
      {
        model: 'NSX',
        pricingClass: 'sedan',
        _id: new ObjectId('696820bfc19d0dfcabfbe5a4'),
        createdAt: 2026-01-14T23:03:27.753Z,
        updatedAt: 2026-01-14T23:03:27.753Z
      },
      {
        model: 'RDX',
        pricingClass: 'suv',
        _id: new ObjectId('696820bfc19d0dfcabfbe5a5'),
        createdAt: 2026-01-14T23:03:27.753Z,
        updatedAt: 2026-01-14T23:03:27.753Z
      },
      {
        model: 'RL',
        pricingClass: 'sedan',
        _id: new ObjectId('696820bfc19d0dfcabfbe5a6'),
        createdAt: 2026-01-14T23:03:27.753Z,
        updatedAt: 2026-01-14T23:03:27.753Z
      },
      {
        model: 'RLX',
        pricingClass: 'sedan',
        _id: new ObjectId('696820bfc19d0dfcabfbe5a7'),
        createdAt: 2026-01-14T23:03:27.753Z,
        updatedAt: 2026-01-14T23:03:27.753Z
      },
      {
        model: 'RSX',
        pricingClass: 'sedan',
        _id: new ObjectId('696820bfc19d0dfcabfbe5a8'),
        createdAt: 2026-01-14T23:03:27.753Z,
        updatedAt: 2026-01-14T23:03:27.753Z
      },
      {
        model: 'SLX',
        pricingClass: 'suv',
        _id: new ObjectId('696820bfc19d0dfcabfbe5a9'),
        createdAt: 2026-01-14T23:03:27.753Z,
        updatedAt: 2026-01-14T23:03:27.753Z
      },
      {
        model: 'TL',
        pricingClass: 'sedan',
        _id: new ObjectId('696820bfc19d0dfcabfbe5aa'),
        createdAt: 2026-01-14T23:03:27.753Z,
        updatedAt: 2026-01-14T23:03:27.753Z
      },
      {
        model: 'TLX',
        pricingClass: 'sedan',
        _id: new ObjectId('696820bfc19d0dfcabfbe5ab'),
        createdAt: 2026-01-14T23:03:27.753Z,
        updatedAt: 2026-01-14T23:03:27.753Z
      },
      {
        model: 'TSX',
        pricingClass: 'sedan',
        _id: new ObjectId('696820bfc19d0dfcabfbe5ac'),
        createdAt: 2026-01-14T23:03:27.753Z,
        updatedAt: 2026-01-14T23:03:27.753Z
      },
      {
        model: 'VIGOR',
        pricingClass: 'sedan',
        _id: new ObjectId('696820bfc19d0dfcabfbe5ad'),
        createdAt: 2026-01-14T23:03:27.753Z,
        updatedAt: 2026-01-14T23:03:27.753Z
      },
      {
        model: 'ZDX',
        pricingClass: 'suv',
        _id: new ObjectId('696820bfc19d0dfcabfbe5ae'),
        createdAt: 2026-01-14T23:03:27.753Z,
        updatedAt: 2026-01-14T23:03:27.753Z
      }
    ],
    createdAt: 2026-01-13T05:33:00.831Z,
    updatedAt: 2026-01-14T23:03:27.753Z
  },
  level: 'info',
  message: 'Makes retrieved successfully',
  timestamp: '2026-02-22 19:11:54'
}
{
  service: 'autovista-api',
  method: 'GET',
  url: '/api/v1/brands',
  statusCode: 200,
  duration: '170ms',
  ip: '::1',
  level: 'info',
  message: 'Request completed',
  timestamp: '2026-02-22 19:11:54'
}
{
  service: 'autovista-api',
  method: 'GET',
  url: '/api/v1/brands',
  ip: '::1',
  userAgent: 'Mozilla/5.0 (Macintosh; Intel Mac OS X 10_15_7) AppleWebKit/537.36 (KHTML, like Gecko) Chrome/144.0.0.0 Safari/537.36',
  contentLength: undefined,
  level: 'info',
  message: 'Incoming request',
  timestamp: '2026-02-22 19:12:36'
}
{
  service: 'autovista-api',
  count: 77,
  sample: {
    _id: new ObjectId('5eb17918a0d72e11faf5f435'),
    make: 'Acura',
    models: [
      {
        model: '2.2CL',
        pricingClass: 'sedan',
        _id: new ObjectId('696820bfc19d0dfcabfbe599'),
        createdAt: 2026-01-14T23:03:27.753Z,
        updatedAt: 2026-01-14T23:03:27.753Z
      },
      {
        model: '2.3CL',
        pricingClass: 'sedan',
        _id: new ObjectId('696820bfc19d0dfcabfbe59a'),
        createdAt: 2026-01-14T23:03:27.753Z,
        updatedAt: 2026-01-14T23:03:27.753Z
      },
      {
        model: '2.5TL',
        pricingClass: 'sedan',
        _id: new ObjectId('696820bfc19d0dfcabfbe59b'),
        createdAt: 2026-01-14T23:03:27.753Z,
        updatedAt: 2026-01-14T23:03:27.753Z
      },
      {
        model: '3.0CL',
        pricingClass: 'sedan',
        _id: new ObjectId('696820bfc19d0dfcabfbe59c'),
        createdAt: 2026-01-14T23:03:27.753Z,
        updatedAt: 2026-01-14T23:03:27.753Z
      },
      {
        model: '3.2CL',
        pricingClass: 'sedan',
        _id: new ObjectId('696820bfc19d0dfcabfbe59d'),
        createdAt: 2026-01-14T23:03:27.753Z,
        updatedAt: 2026-01-14T23:03:27.753Z
      },
      {
        model: '3.2TL',
        pricingClass: 'sedan',
        _id: new ObjectId('696820bfc19d0dfcabfbe59e'),
        createdAt: 2026-01-14T23:03:27.753Z,
        updatedAt: 2026-01-14T23:03:27.753Z
      },
      {
        model: '3.5RL',
        pricingClass: 'sedan',
        _id: new ObjectId('696820bfc19d0dfcabfbe59f'),
        createdAt: 2026-01-14T23:03:27.753Z,
        updatedAt: 2026-01-14T23:03:27.753Z
      },
      {
        model: 'ILX',
        pricingClass: 'sedan',
        _id: new ObjectId('696820bfc19d0dfcabfbe5a0'),
        createdAt: 2026-01-14T23:03:27.753Z,
        updatedAt: 2026-01-14T23:03:27.753Z
      },
      {
        model: 'INTEGRA',
        pricingClass: 'sedan',
        _id: new ObjectId('696820bfc19d0dfcabfbe5a1'),
        createdAt: 2026-01-14T23:03:27.753Z,
        updatedAt: 2026-01-14T23:03:27.753Z
      },
      {
        model: 'LEGEND',
        pricingClass: 'sedan',
        _id: new ObjectId('696820bfc19d0dfcabfbe5a2'),
        createdAt: 2026-01-14T23:03:27.753Z,
        updatedAt: 2026-01-14T23:03:27.753Z
      },
      {
        model: 'MDX',
        pricingClass: 'suv',
        _id: new ObjectId('696820bfc19d0dfcabfbe5a3'),
        createdAt: 2026-01-14T23:03:27.753Z,
        updatedAt: 2026-01-14T23:03:27.753Z
      },
      {
        model: 'NSX',
        pricingClass: 'sedan',
        _id: new ObjectId('696820bfc19d0dfcabfbe5a4'),
        createdAt: 2026-01-14T23:03:27.753Z,
        updatedAt: 2026-01-14T23:03:27.753Z
      },
      {
        model: 'RDX',
        pricingClass: 'suv',
        _id: new ObjectId('696820bfc19d0dfcabfbe5a5'),
        createdAt: 2026-01-14T23:03:27.753Z,
        updatedAt: 2026-01-14T23:03:27.753Z
      },
      {
        model: 'RL',
        pricingClass: 'sedan',
        _id: new ObjectId('696820bfc19d0dfcabfbe5a6'),
        createdAt: 2026-01-14T23:03:27.753Z,
        updatedAt: 2026-01-14T23:03:27.753Z
      },
      {
        model: 'RLX',
        pricingClass: 'sedan',
        _id: new ObjectId('696820bfc19d0dfcabfbe5a7'),
        createdAt: 2026-01-14T23:03:27.753Z,
        updatedAt: 2026-01-14T23:03:27.753Z
      },
      {
        model: 'RSX',
        pricingClass: 'sedan',
        _id: new ObjectId('696820bfc19d0dfcabfbe5a8'),
        createdAt: 2026-01-14T23:03:27.753Z,
        updatedAt: 2026-01-14T23:03:27.753Z
      },
      {
        model: 'SLX',
        pricingClass: 'suv',
        _id: new ObjectId('696820bfc19d0dfcabfbe5a9'),
        createdAt: 2026-01-14T23:03:27.753Z,
        updatedAt: 2026-01-14T23:03:27.753Z
      },
      {
        model: 'TL',
        pricingClass: 'sedan',
        _id: new ObjectId('696820bfc19d0dfcabfbe5aa'),
        createdAt: 2026-01-14T23:03:27.753Z,
        updatedAt: 2026-01-14T23:03:27.753Z
      },
      {
        model: 'TLX',
        pricingClass: 'sedan',
        _id: new ObjectId('696820bfc19d0dfcabfbe5ab'),
        createdAt: 2026-01-14T23:03:27.753Z,
        updatedAt: 2026-01-14T23:03:27.753Z
      },
      {
        model: 'TSX',
        pricingClass: 'sedan',
        _id: new ObjectId('696820bfc19d0dfcabfbe5ac'),
        createdAt: 2026-01-14T23:03:27.753Z,
        updatedAt: 2026-01-14T23:03:27.753Z
      },
      {
        model: 'VIGOR',
        pricingClass: 'sedan',
        _id: new ObjectId('696820bfc19d0dfcabfbe5ad'),
        createdAt: 2026-01-14T23:03:27.753Z,
        updatedAt: 2026-01-14T23:03:27.753Z
      },
      {
        model: 'ZDX',
        pricingClass: 'suv',
        _id: new ObjectId('696820bfc19d0dfcabfbe5ae'),
        createdAt: 2026-01-14T23:03:27.753Z,
        updatedAt: 2026-01-14T23:03:27.753Z
      }
    ],
    createdAt: 2026-01-13T05:33:00.831Z,
    updatedAt: 2026-01-14T23:03:27.753Z
  },
  level: 'info',
  message: 'Makes retrieved successfully',
  timestamp: '2026-02-22 19:12:36'
}
{
  service: 'autovista-api',
  method: 'GET',
  url: '/api/v1/brands',
  statusCode: 200,
  duration: '180ms',
  ip: '::1',
  level: 'info',
  message: 'Request completed',
  timestamp: '2026-02-22 19:12:36'
}
{
  service: 'autovista-api',
  method: 'GET',
  url: '/api/v1/brands',
  ip: '::1',
  userAgent: 'Mozilla/5.0 (Macintosh; Intel Mac OS X 10_15_7) AppleWebKit/537.36 (KHTML, like Gecko) Chrome/144.0.0.0 Safari/537.36',
  contentLength: undefined,
  level: 'info',
  message: 'Incoming request',
  timestamp: '2026-02-22 19:13:04'
}
{
  service: 'autovista-api',
  count: 77,
  sample: {
    _id: new ObjectId('5eb17918a0d72e11faf5f435'),
    make: 'Acura',
    models: [
      {
        model: '2.2CL',
        pricingClass: 'sedan',
        _id: new ObjectId('696820bfc19d0dfcabfbe599'),
        createdAt: 2026-01-14T23:03:27.753Z,
        updatedAt: 2026-01-14T23:03:27.753Z
      },
      {
        model: '2.3CL',
        pricingClass: 'sedan',
        _id: new ObjectId('696820bfc19d0dfcabfbe59a'),
        createdAt: 2026-01-14T23:03:27.753Z,
        updatedAt: 2026-01-14T23:03:27.753Z
      },
      {
        model: '2.5TL',
        pricingClass: 'sedan',
        _id: new ObjectId('696820bfc19d0dfcabfbe59b'),
        createdAt: 2026-01-14T23:03:27.753Z,
        updatedAt: 2026-01-14T23:03:27.753Z
      },
      {
        model: '3.0CL',
        pricingClass: 'sedan',
        _id: new ObjectId('696820bfc19d0dfcabfbe59c'),
        createdAt: 2026-01-14T23:03:27.753Z,
        updatedAt: 2026-01-14T23:03:27.753Z
      },
      {
        model: '3.2CL',
        pricingClass: 'sedan',
        _id: new ObjectId('696820bfc19d0dfcabfbe59d'),
        createdAt: 2026-01-14T23:03:27.753Z,
        updatedAt: 2026-01-14T23:03:27.753Z
      },
      {
        model: '3.2TL',
        pricingClass: 'sedan',
        _id: new ObjectId('696820bfc19d0dfcabfbe59e'),
        createdAt: 2026-01-14T23:03:27.753Z,
        updatedAt: 2026-01-14T23:03:27.753Z
      },
      {
        model: '3.5RL',
        pricingClass: 'sedan',
        _id: new ObjectId('696820bfc19d0dfcabfbe59f'),
        createdAt: 2026-01-14T23:03:27.753Z,
        updatedAt: 2026-01-14T23:03:27.753Z
      },
      {
        model: 'ILX',
        pricingClass: 'sedan',
        _id: new ObjectId('696820bfc19d0dfcabfbe5a0'),
        createdAt: 2026-01-14T23:03:27.753Z,
        updatedAt: 2026-01-14T23:03:27.753Z
      },
      {
        model: 'INTEGRA',
        pricingClass: 'sedan',
        _id: new ObjectId('696820bfc19d0dfcabfbe5a1'),
        createdAt: 2026-01-14T23:03:27.753Z,
        updatedAt: 2026-01-14T23:03:27.753Z
      },
      {
        model: 'LEGEND',
        pricingClass: 'sedan',
        _id: new ObjectId('696820bfc19d0dfcabfbe5a2'),
        createdAt: 2026-01-14T23:03:27.753Z,
        updatedAt: 2026-01-14T23:03:27.753Z
      },
      {
        model: 'MDX',
        pricingClass: 'suv',
        _id: new ObjectId('696820bfc19d0dfcabfbe5a3'),
        createdAt: 2026-01-14T23:03:27.753Z,
        updatedAt: 2026-01-14T23:03:27.753Z
      },
      {
        model: 'NSX',
        pricingClass: 'sedan',
        _id: new ObjectId('696820bfc19d0dfcabfbe5a4'),
        createdAt: 2026-01-14T23:03:27.753Z,
        updatedAt: 2026-01-14T23:03:27.753Z
      },
      {
        model: 'RDX',
        pricingClass: 'suv',
        _id: new ObjectId('696820bfc19d0dfcabfbe5a5'),
        createdAt: 2026-01-14T23:03:27.753Z,
        updatedAt: 2026-01-14T23:03:27.753Z
      },
      {
        model: 'RL',
        pricingClass: 'sedan',
        _id: new ObjectId('696820bfc19d0dfcabfbe5a6'),
        createdAt: 2026-01-14T23:03:27.753Z,
        updatedAt: 2026-01-14T23:03:27.753Z
      },
      {
        model: 'RLX',
        pricingClass: 'sedan',
        _id: new ObjectId('696820bfc19d0dfcabfbe5a7'),
        createdAt: 2026-01-14T23:03:27.753Z,
        updatedAt: 2026-01-14T23:03:27.753Z
      },
      {
        model: 'RSX',
        pricingClass: 'sedan',
        _id: new ObjectId('696820bfc19d0dfcabfbe5a8'),
        createdAt: 2026-01-14T23:03:27.753Z,
        updatedAt: 2026-01-14T23:03:27.753Z
      },
      {
        model: 'SLX',
        pricingClass: 'suv',
        _id: new ObjectId('696820bfc19d0dfcabfbe5a9'),
        createdAt: 2026-01-14T23:03:27.753Z,
        updatedAt: 2026-01-14T23:03:27.753Z
      },
      {
        model: 'TL',
        pricingClass: 'sedan',
        _id: new ObjectId('696820bfc19d0dfcabfbe5aa'),
        createdAt: 2026-01-14T23:03:27.753Z,
        updatedAt: 2026-01-14T23:03:27.753Z
      },
      {
        model: 'TLX',
        pricingClass: 'sedan',
        _id: new ObjectId('696820bfc19d0dfcabfbe5ab'),
        createdAt: 2026-01-14T23:03:27.753Z,
        updatedAt: 2026-01-14T23:03:27.753Z
      },
      {
        model: 'TSX',
        pricingClass: 'sedan',
        _id: new ObjectId('696820bfc19d0dfcabfbe5ac'),
        createdAt: 2026-01-14T23:03:27.753Z,
        updatedAt: 2026-01-14T23:03:27.753Z
      },
      {
        model: 'VIGOR',
        pricingClass: 'sedan',
        _id: new ObjectId('696820bfc19d0dfcabfbe5ad'),
        createdAt: 2026-01-14T23:03:27.753Z,
        updatedAt: 2026-01-14T23:03:27.753Z
      },
      {
        model: 'ZDX',
        pricingClass: 'suv',
        _id: new ObjectId('696820bfc19d0dfcabfbe5ae'),
        createdAt: 2026-01-14T23:03:27.753Z,
        updatedAt: 2026-01-14T23:03:27.753Z
      }
    ],
    createdAt: 2026-01-13T05:33:00.831Z,
    updatedAt: 2026-01-14T23:03:27.753Z
  },
  level: 'info',
  message: 'Makes retrieved successfully',
  timestamp: '2026-02-22 19:13:05'
}
{
  service: 'autovista-api',
  method: 'GET',
  url: '/api/v1/brands',
  statusCode: 200,
  duration: '176ms',
  ip: '::1',
  level: 'info',
  message: 'Request completed',
  timestamp: '2026-02-22 19:13:05'
}
{
  service: 'autovista-api',
  method: 'GET',
  url: '/api/v1/brands',
  ip: '::1',
  userAgent: 'Mozilla/5.0 (Macintosh; Intel Mac OS X 10_15_7) AppleWebKit/537.36 (KHTML, like Gecko) Chrome/144.0.0.0 Safari/537.36',
  contentLength: undefined,
  level: 'info',
  message: 'Incoming request',
  timestamp: '2026-02-22 19:14:47'
}
{
  service: 'autovista-api',
  count: 77,
  sample: {
    _id: new ObjectId('5eb17918a0d72e11faf5f435'),
    make: 'Acura',
    models: [
      {
        model: '2.2CL',
        pricingClass: 'sedan',
        _id: new ObjectId('696820bfc19d0dfcabfbe599'),
        createdAt: 2026-01-14T23:03:27.753Z,
        updatedAt: 2026-01-14T23:03:27.753Z
      },
      {
        model: '2.3CL',
        pricingClass: 'sedan',
        _id: new ObjectId('696820bfc19d0dfcabfbe59a'),
        createdAt: 2026-01-14T23:03:27.753Z,
        updatedAt: 2026-01-14T23:03:27.753Z
      },
      {
        model: '2.5TL',
        pricingClass: 'sedan',
        _id: new ObjectId('696820bfc19d0dfcabfbe59b'),
        createdAt: 2026-01-14T23:03:27.753Z,
        updatedAt: 2026-01-14T23:03:27.753Z
      },
      {
        model: '3.0CL',
        pricingClass: 'sedan',
        _id: new ObjectId('696820bfc19d0dfcabfbe59c'),
        createdAt: 2026-01-14T23:03:27.753Z,
        updatedAt: 2026-01-14T23:03:27.753Z
      },
      {
        model: '3.2CL',
        pricingClass: 'sedan',
        _id: new ObjectId('696820bfc19d0dfcabfbe59d'),
        createdAt: 2026-01-14T23:03:27.753Z,
        updatedAt: 2026-01-14T23:03:27.753Z
      },
      {
        model: '3.2TL',
        pricingClass: 'sedan',
        _id: new ObjectId('696820bfc19d0dfcabfbe59e'),
        createdAt: 2026-01-14T23:03:27.753Z,
        updatedAt: 2026-01-14T23:03:27.753Z
      },
      {
        model: '3.5RL',
        pricingClass: 'sedan',
        _id: new ObjectId('696820bfc19d0dfcabfbe59f'),
        createdAt: 2026-01-14T23:03:27.753Z,
        updatedAt: 2026-01-14T23:03:27.753Z
      },
      {
        model: 'ILX',
        pricingClass: 'sedan',
        _id: new ObjectId('696820bfc19d0dfcabfbe5a0'),
        createdAt: 2026-01-14T23:03:27.753Z,
        updatedAt: 2026-01-14T23:03:27.753Z
      },
      {
        model: 'INTEGRA',
        pricingClass: 'sedan',
        _id: new ObjectId('696820bfc19d0dfcabfbe5a1'),
        createdAt: 2026-01-14T23:03:27.753Z,
        updatedAt: 2026-01-14T23:03:27.753Z
      },
      {
        model: 'LEGEND',
        pricingClass: 'sedan',
        _id: new ObjectId('696820bfc19d0dfcabfbe5a2'),
        createdAt: 2026-01-14T23:03:27.753Z,
        updatedAt: 2026-01-14T23:03:27.753Z
      },
      {
        model: 'MDX',
        pricingClass: 'suv',
        _id: new ObjectId('696820bfc19d0dfcabfbe5a3'),
        createdAt: 2026-01-14T23:03:27.753Z,
        updatedAt: 2026-01-14T23:03:27.753Z
      },
      {
        model: 'NSX',
        pricingClass: 'sedan',
        _id: new ObjectId('696820bfc19d0dfcabfbe5a4'),
        createdAt: 2026-01-14T23:03:27.753Z,
        updatedAt: 2026-01-14T23:03:27.753Z
      },
      {
        model: 'RDX',
        pricingClass: 'suv',
        _id: new ObjectId('696820bfc19d0dfcabfbe5a5'),
        createdAt: 2026-01-14T23:03:27.753Z,
        updatedAt: 2026-01-14T23:03:27.753Z
      },
      {
        model: 'RL',
        pricingClass: 'sedan',
        _id: new ObjectId('696820bfc19d0dfcabfbe5a6'),
        createdAt: 2026-01-14T23:03:27.753Z,
        updatedAt: 2026-01-14T23:03:27.753Z
      },
      {
        model: 'RLX',
        pricingClass: 'sedan',
        _id: new ObjectId('696820bfc19d0dfcabfbe5a7'),
        createdAt: 2026-01-14T23:03:27.753Z,
        updatedAt: 2026-01-14T23:03:27.753Z
      },
      {
        model: 'RSX',
        pricingClass: 'sedan',
        _id: new ObjectId('696820bfc19d0dfcabfbe5a8'),
        createdAt: 2026-01-14T23:03:27.753Z,
        updatedAt: 2026-01-14T23:03:27.753Z
      },
      {
        model: 'SLX',
        pricingClass: 'suv',
        _id: new ObjectId('696820bfc19d0dfcabfbe5a9'),
        createdAt: 2026-01-14T23:03:27.753Z,
        updatedAt: 2026-01-14T23:03:27.753Z
      },
      {
        model: 'TL',
        pricingClass: 'sedan',
        _id: new ObjectId('696820bfc19d0dfcabfbe5aa'),
        createdAt: 2026-01-14T23:03:27.753Z,
        updatedAt: 2026-01-14T23:03:27.753Z
      },
      {
        model: 'TLX',
        pricingClass: 'sedan',
        _id: new ObjectId('696820bfc19d0dfcabfbe5ab'),
        createdAt: 2026-01-14T23:03:27.753Z,
        updatedAt: 2026-01-14T23:03:27.753Z
      },
      {
        model: 'TSX',
        pricingClass: 'sedan',
        _id: new ObjectId('696820bfc19d0dfcabfbe5ac'),
        createdAt: 2026-01-14T23:03:27.753Z,
        updatedAt: 2026-01-14T23:03:27.753Z
      },
      {
        model: 'VIGOR',
        pricingClass: 'sedan',
        _id: new ObjectId('696820bfc19d0dfcabfbe5ad'),
        createdAt: 2026-01-14T23:03:27.753Z,
        updatedAt: 2026-01-14T23:03:27.753Z
      },
      {
        model: 'ZDX',
        pricingClass: 'suv',
        _id: new ObjectId('696820bfc19d0dfcabfbe5ae'),
        createdAt: 2026-01-14T23:03:27.753Z,
        updatedAt: 2026-01-14T23:03:27.753Z
      }
    ],
    createdAt: 2026-01-13T05:33:00.831Z,
    updatedAt: 2026-01-14T23:03:27.753Z
  },
  level: 'info',
  message: 'Makes retrieved successfully',
  timestamp: '2026-02-22 19:14:47'
}
{
  service: 'autovista-api',
  method: 'GET',
  url: '/api/v1/brands',
  statusCode: 200,
  duration: '163ms',
  ip: '::1',
  level: 'info',
  message: 'Request completed',
  timestamp: '2026-02-22 19:14:47'
}
{
  service: 'autovista-api',
  method: 'GET',
  url: '/api/v1/brands',
  ip: '::1',
  userAgent: 'Mozilla/5.0 (Macintosh; Intel Mac OS X 10_15_7) AppleWebKit/537.36 (KHTML, like Gecko) Chrome/144.0.0.0 Safari/537.36',
  contentLength: undefined,
  level: 'info',
  message: 'Incoming request',
  timestamp: '2026-02-22 19:16:18'
}
{
  service: 'autovista-api',
  count: 77,
  sample: {
    _id: new ObjectId('5eb17918a0d72e11faf5f435'),
    make: 'Acura',
    models: [
      {
        model: '2.2CL',
        pricingClass: 'sedan',
        _id: new ObjectId('696820bfc19d0dfcabfbe599'),
        createdAt: 2026-01-14T23:03:27.753Z,
        updatedAt: 2026-01-14T23:03:27.753Z
      },
      {
        model: '2.3CL',
        pricingClass: 'sedan',
        _id: new ObjectId('696820bfc19d0dfcabfbe59a'),
        createdAt: 2026-01-14T23:03:27.753Z,
        updatedAt: 2026-01-14T23:03:27.753Z
      },
      {
        model: '2.5TL',
        pricingClass: 'sedan',
        _id: new ObjectId('696820bfc19d0dfcabfbe59b'),
        createdAt: 2026-01-14T23:03:27.753Z,
        updatedAt: 2026-01-14T23:03:27.753Z
      },
      {
        model: '3.0CL',
        pricingClass: 'sedan',
        _id: new ObjectId('696820bfc19d0dfcabfbe59c'),
        createdAt: 2026-01-14T23:03:27.753Z,
        updatedAt: 2026-01-14T23:03:27.753Z
      },
      {
        model: '3.2CL',
        pricingClass: 'sedan',
        _id: new ObjectId('696820bfc19d0dfcabfbe59d'),
        createdAt: 2026-01-14T23:03:27.753Z,
        updatedAt: 2026-01-14T23:03:27.753Z
      },
      {
        model: '3.2TL',
        pricingClass: 'sedan',
        _id: new ObjectId('696820bfc19d0dfcabfbe59e'),
        createdAt: 2026-01-14T23:03:27.753Z,
        updatedAt: 2026-01-14T23:03:27.753Z
      },
      {
        model: '3.5RL',
        pricingClass: 'sedan',
        _id: new ObjectId('696820bfc19d0dfcabfbe59f'),
        createdAt: 2026-01-14T23:03:27.753Z,
        updatedAt: 2026-01-14T23:03:27.753Z
      },
      {
        model: 'ILX',
        pricingClass: 'sedan',
        _id: new ObjectId('696820bfc19d0dfcabfbe5a0'),
        createdAt: 2026-01-14T23:03:27.753Z,
        updatedAt: 2026-01-14T23:03:27.753Z
      },
      {
        model: 'INTEGRA',
        pricingClass: 'sedan',
        _id: new ObjectId('696820bfc19d0dfcabfbe5a1'),
        createdAt: 2026-01-14T23:03:27.753Z,
        updatedAt: 2026-01-14T23:03:27.753Z
      },
      {
        model: 'LEGEND',
        pricingClass: 'sedan',
        _id: new ObjectId('696820bfc19d0dfcabfbe5a2'),
        createdAt: 2026-01-14T23:03:27.753Z,
        updatedAt: 2026-01-14T23:03:27.753Z
      },
      {
        model: 'MDX',
        pricingClass: 'suv',
        _id: new ObjectId('696820bfc19d0dfcabfbe5a3'),
        createdAt: 2026-01-14T23:03:27.753Z,
        updatedAt: 2026-01-14T23:03:27.753Z
      },
      {
        model: 'NSX',
        pricingClass: 'sedan',
        _id: new ObjectId('696820bfc19d0dfcabfbe5a4'),
        createdAt: 2026-01-14T23:03:27.753Z,
        updatedAt: 2026-01-14T23:03:27.753Z
      },
      {
        model: 'RDX',
        pricingClass: 'suv',
        _id: new ObjectId('696820bfc19d0dfcabfbe5a5'),
        createdAt: 2026-01-14T23:03:27.753Z,
        updatedAt: 2026-01-14T23:03:27.753Z
      },
      {
        model: 'RL',
        pricingClass: 'sedan',
        _id: new ObjectId('696820bfc19d0dfcabfbe5a6'),
        createdAt: 2026-01-14T23:03:27.753Z,
        updatedAt: 2026-01-14T23:03:27.753Z
      },
      {
        model: 'RLX',
        pricingClass: 'sedan',
        _id: new ObjectId('696820bfc19d0dfcabfbe5a7'),
        createdAt: 2026-01-14T23:03:27.753Z,
        updatedAt: 2026-01-14T23:03:27.753Z
      },
      {
        model: 'RSX',
        pricingClass: 'sedan',
        _id: new ObjectId('696820bfc19d0dfcabfbe5a8'),
        createdAt: 2026-01-14T23:03:27.753Z,
        updatedAt: 2026-01-14T23:03:27.753Z
      },
      {
        model: 'SLX',
        pricingClass: 'suv',
        _id: new ObjectId('696820bfc19d0dfcabfbe5a9'),
        createdAt: 2026-01-14T23:03:27.753Z,
        updatedAt: 2026-01-14T23:03:27.753Z
      },
      {
        model: 'TL',
        pricingClass: 'sedan',
        _id: new ObjectId('696820bfc19d0dfcabfbe5aa'),
        createdAt: 2026-01-14T23:03:27.753Z,
        updatedAt: 2026-01-14T23:03:27.753Z
      },
      {
        model: 'TLX',
        pricingClass: 'sedan',
        _id: new ObjectId('696820bfc19d0dfcabfbe5ab'),
        createdAt: 2026-01-14T23:03:27.753Z,
        updatedAt: 2026-01-14T23:03:27.753Z
      },
      {
        model: 'TSX',
        pricingClass: 'sedan',
        _id: new ObjectId('696820bfc19d0dfcabfbe5ac'),
        createdAt: 2026-01-14T23:03:27.753Z,
        updatedAt: 2026-01-14T23:03:27.753Z
      },
      {
        model: 'VIGOR',
        pricingClass: 'sedan',
        _id: new ObjectId('696820bfc19d0dfcabfbe5ad'),
        createdAt: 2026-01-14T23:03:27.753Z,
        updatedAt: 2026-01-14T23:03:27.753Z
      },
      {
        model: 'ZDX',
        pricingClass: 'suv',
        _id: new ObjectId('696820bfc19d0dfcabfbe5ae'),
        createdAt: 2026-01-14T23:03:27.753Z,
        updatedAt: 2026-01-14T23:03:27.753Z
      }
    ],
    createdAt: 2026-01-13T05:33:00.831Z,
    updatedAt: 2026-01-14T23:03:27.753Z
  },
  level: 'info',
  message: 'Makes retrieved successfully',
  timestamp: '2026-02-22 19:16:18'
}
{
  service: 'autovista-api',
  method: 'GET',
  url: '/api/v1/brands',
  statusCode: 200,
  duration: '712ms',
  ip: '::1',
  level: 'info',
  message: 'Request completed',
  timestamp: '2026-02-22 19:16:18'
}
{
  service: 'autovista-api',
  method: 'POST',
  url: '/api/v1/quote/customer',
  ip: '::1',
  userAgent: 'Mozilla/5.0 (Macintosh; Intel Mac OS X 10_15_7) AppleWebKit/537.36 (KHTML, like Gecko) Chrome/144.0.0.0 Safari/537.36',
  contentLength: '285',
  level: 'info',
  message: 'Incoming request',
  timestamp: '2026-02-22 19:17:12'
}
{
  service: 'autovista-api',
  quoteId: new ObjectId('699bb8ae6e0a7e13c9ef98af'),
  refId: 301486,
  trackingCode: '5BDF7F676E',
  level: 'info',
  message: 'Customer created quote 301486',
  timestamp: '2026-02-22 19:17:18'
}
{
  service: 'autovista-api',
  method: 'POST',
  url: '/customer',
  statusCode: 200,
  duration: '5682ms',
  ip: '::1',
  level: 'info',
  message: 'Request completed',
  timestamp: '2026-02-22 19:17:18'
}
{
  service: 'autovista-api',
  method: 'GET',
  url: '/api/v1/quote/public/699bb8ae6e0a7e13c9ef98af/app',
  ip: '::1',
  userAgent: 'Mozilla/5.0 (Macintosh; Intel Mac OS X 10_15_7) AppleWebKit/537.36 (KHTML, like Gecko) Chrome/144.0.0.0 Safari/537.36',
  contentLength: undefined,
  level: 'info',
  message: 'Incoming request',
  timestamp: '2026-02-22 19:17:18'
}
{
  service: 'autovista-api',
  method: 'GET',
  url: '/public/699bb8ae6e0a7e13c9ef98af/app',
  statusCode: 200,
  duration: '173ms',
  ip: '::1',
  level: 'info',
  message: 'Request completed',
  timestamp: '2026-02-22 19:17:18'
}
{
  service: 'autovista-api',
  method: 'GET',
  url: '/api/v1/quote/public/699bb8ae6e0a7e13c9ef98af/app',
  ip: '::1',
  userAgent: 'Mozilla/5.0 (Macintosh; Intel Mac OS X 10_15_7) AppleWebKit/537.36 (KHTML, like Gecko) Chrome/144.0.0.0 Safari/537.36',
  contentLength: undefined,
  level: 'info',
  message: 'Incoming request',
  timestamp: '2026-02-22 19:18:45'
}
{
  service: 'autovista-api',
  method: 'GET',
  url: '/public/699bb8ae6e0a7e13c9ef98af/app',
  statusCode: 200,
  duration: '149ms',
  ip: '::1',
  level: 'info',
  message: 'Request completed',
  timestamp: '2026-02-22 19:18:45'
}
{
  message: 'Connected to MongoDB successfully',
  level: 'info',
  service: 'autovista-api',
  timestamp: '2026-02-22 19:21:42'
}
{
  message: 'Cron jobs enabled (non-production mode)',
  level: 'info',
  service: 'autovista-api',
  timestamp: '2026-02-22 19:21:42'
}
{
  message: '✅ Cron jobs initialized - Notifications scheduled at 6/10/14/20 (6am/10am/2pm/8pm EST)',
  level: 'info',
  service: 'autovista-api',
  timestamp: '2026-02-22 19:21:42'
}
{
  service: 'autovista-api',
  routes: [
    'GET /api/v1/user (current user)',
    'GET /api/v1/users (list users)',
    'GET /api/v1/user/:userId',
    'POST /api/v1/user',
    'PATCH /api/v1/user/:userId',
    'DELETE /api/v1/user/:userId'
  ],
  level: 'info',
  message: 'API routes registered',
  timestamp: '2026-02-22 19:21:42'
}
{
  service: 'autovista-api',
  port: 8080,
  environment: 'development',
  nodeVersion: 'v22.14.0',
  level: 'info',
  message: 'Server started successfully',
  timestamp: '2026-02-22 19:21:42'
}
{
  message: 'Connected to MongoDB successfully',
  level: 'info',
  service: 'autovista-api',
  timestamp: '2026-02-22 19:21:53'
}
{
  message: 'Cron jobs enabled (non-production mode)',
  level: 'info',
  service: 'autovista-api',
  timestamp: '2026-02-22 19:21:53'
}
{
  message: '✅ Cron jobs initialized - Notifications scheduled at 6/10/14/20 (6am/10am/2pm/8pm EST)',
  level: 'info',
  service: 'autovista-api',
  timestamp: '2026-02-22 19:21:53'
}
{
  service: 'autovista-api',
  routes: [
    'GET /api/v1/user (current user)',
    'GET /api/v1/users (list users)',
    'GET /api/v1/user/:userId',
    'POST /api/v1/user',
    'PATCH /api/v1/user/:userId',
    'DELETE /api/v1/user/:userId'
  ],
  level: 'info',
  message: 'API routes registered',
  timestamp: '2026-02-22 19:21:53'
}
{
  service: 'autovista-api',
  port: 8080,
  environment: 'development',
  nodeVersion: 'v22.14.0',
  level: 'info',
  message: 'Server started successfully',
  timestamp: '2026-02-22 19:21:53'
}
{
  message: 'Connected to MongoDB successfully',
  level: 'info',
  service: 'autovista-api',
  timestamp: '2026-02-22 19:21:58'
}
{
  message: 'Cron jobs enabled (non-production mode)',
  level: 'info',
  service: 'autovista-api',
  timestamp: '2026-02-22 19:21:58'
}
{
  message: '✅ Cron jobs initialized - Notifications scheduled at 6/10/14/20 (6am/10am/2pm/8pm EST)',
  level: 'info',
  service: 'autovista-api',
  timestamp: '2026-02-22 19:21:58'
}
{
  service: 'autovista-api',
  routes: [
    'GET /api/v1/user (current user)',
    'GET /api/v1/users (list users)',
    'GET /api/v1/user/:userId',
    'POST /api/v1/user',
    'PATCH /api/v1/user/:userId',
    'DELETE /api/v1/user/:userId'
  ],
  level: 'info',
  message: 'API routes registered',
  timestamp: '2026-02-22 19:21:58'
}
{
  service: 'autovista-api',
  port: 8080,
  environment: 'development',
  nodeVersion: 'v22.14.0',
  level: 'info',
  message: 'Server started successfully',
  timestamp: '2026-02-22 19:21:58'
}
{
  service: 'autovista-api',
  method: 'GET',
  url: '/api/v1/quote/public/699bb8ae6e0a7e13c9ef98af/app',
  ip: '::1',
  userAgent: 'Mozilla/5.0 (Macintosh; Intel Mac OS X 10_15_7) AppleWebKit/537.36 (KHTML, like Gecko) Chrome/144.0.0.0 Safari/537.36',
  contentLength: undefined,
  level: 'info',
  message: 'Incoming request',
  timestamp: '2026-02-22 19:22:11'
}
{
  service: 'autovista-api',
  method: 'GET',
  url: '/public/699bb8ae6e0a7e13c9ef98af/app',
  statusCode: 200,
  duration: '171ms',
  ip: '::1',
  level: 'info',
  message: 'Request completed',
  timestamp: '2026-02-22 19:22:11'
}
{
  service: 'autovista-api',
  method: 'GET',
  url: '/api/v1/quote/public/699bb8ae6e0a7e13c9ef98af/app',
  ip: '::1',
  userAgent: 'Mozilla/5.0 (Macintosh; Intel Mac OS X 10_15_7) AppleWebKit/537.36 (KHTML, like Gecko) Chrome/144.0.0.0 Safari/537.36',
  contentLength: undefined,
  level: 'info',
  message: 'Incoming request',
  timestamp: '2026-02-22 19:22:23'
}
{
  service: 'autovista-api',
  method: 'GET',
  url: '/public/699bb8ae6e0a7e13c9ef98af/app',
  statusCode: 200,
  duration: '145ms',
  ip: '::1',
  level: 'info',
  message: 'Request completed',
  timestamp: '2026-02-22 19:22:23'
}
{
  message: 'Connected to MongoDB successfully',
  level: 'info',
  service: 'autovista-api',
  timestamp: '2026-02-22 19:26:30'
}
{
  message: 'Cron jobs enabled (non-production mode)',
  level: 'info',
  service: 'autovista-api',
  timestamp: '2026-02-22 19:26:30'
}
{
  message: '✅ Cron jobs initialized - Notifications scheduled at 6/10/14/20 (6am/10am/2pm/8pm EST)',
  level: 'info',
  service: 'autovista-api',
  timestamp: '2026-02-22 19:26:30'
}
{
  service: 'autovista-api',
  routes: [
    'GET /api/v1/user (current user)',
    'GET /api/v1/users (list users)',
    'GET /api/v1/user/:userId',
    'POST /api/v1/user',
    'PATCH /api/v1/user/:userId',
    'DELETE /api/v1/user/:userId'
  ],
  level: 'info',
  message: 'API routes registered',
  timestamp: '2026-02-22 19:26:30'
}
{
  service: 'autovista-api',
  port: 8080,
  environment: 'development',
  nodeVersion: 'v22.14.0',
  level: 'info',
  message: 'Server started successfully',
  timestamp: '2026-02-22 19:26:30'
}
{
  message: 'Connected to MongoDB successfully',
  level: 'info',
  service: 'autovista-api',
  timestamp: '2026-02-22 19:26:37'
}
{
  message: 'Cron jobs enabled (non-production mode)',
  level: 'info',
  service: 'autovista-api',
  timestamp: '2026-02-22 19:26:37'
}
{
  message: '✅ Cron jobs initialized - Notifications scheduled at 6/10/14/20 (6am/10am/2pm/8pm EST)',
  level: 'info',
  service: 'autovista-api',
  timestamp: '2026-02-22 19:26:37'
}
{
  service: 'autovista-api',
  routes: [
    'GET /api/v1/user (current user)',
    'GET /api/v1/users (list users)',
    'GET /api/v1/user/:userId',
    'POST /api/v1/user',
    'PATCH /api/v1/user/:userId',
    'DELETE /api/v1/user/:userId'
  ],
  level: 'info',
  message: 'API routes registered',
  timestamp: '2026-02-22 19:26:37'
}
{
  service: 'autovista-api',
  port: 8080,
  environment: 'development',
  nodeVersion: 'v22.14.0',
  level: 'info',
  message: 'Server started successfully',
  timestamp: '2026-02-22 19:26:37'
}
{
  message: 'Connected to MongoDB successfully',
  level: 'info',
  service: 'autovista-api',
  timestamp: '2026-02-22 19:26:45'
}
{
  message: 'Cron jobs enabled (non-production mode)',
  level: 'info',
  service: 'autovista-api',
  timestamp: '2026-02-22 19:26:45'
}
{
  message: '✅ Cron jobs initialized - Notifications scheduled at 6/10/14/20 (6am/10am/2pm/8pm EST)',
  level: 'info',
  service: 'autovista-api',
  timestamp: '2026-02-22 19:26:45'
}
{
  service: 'autovista-api',
  routes: [
    'GET /api/v1/user (current user)',
    'GET /api/v1/users (list users)',
    'GET /api/v1/user/:userId',
    'POST /api/v1/user',
    'PATCH /api/v1/user/:userId',
    'DELETE /api/v1/user/:userId'
  ],
  level: 'info',
  message: 'API routes registered',
  timestamp: '2026-02-22 19:26:45'
}
{
  service: 'autovista-api',
  port: 8080,
  environment: 'development',
  nodeVersion: 'v22.14.0',
  level: 'info',
  message: 'Server started successfully',
  timestamp: '2026-02-22 19:26:45'
}
{
  message: 'Connected to MongoDB successfully',
  level: 'info',
  service: 'autovista-api',
  timestamp: '2026-02-22 19:26:57'
}
{
  message: 'Cron jobs enabled (non-production mode)',
  level: 'info',
  service: 'autovista-api',
  timestamp: '2026-02-22 19:26:57'
}
{
  message: '✅ Cron jobs initialized - Notifications scheduled at 6/10/14/20 (6am/10am/2pm/8pm EST)',
  level: 'info',
  service: 'autovista-api',
  timestamp: '2026-02-22 19:26:57'
}
{
  service: 'autovista-api',
  routes: [
    'GET /api/v1/user (current user)',
    'GET /api/v1/users (list users)',
    'GET /api/v1/user/:userId',
    'POST /api/v1/user',
    'PATCH /api/v1/user/:userId',
    'DELETE /api/v1/user/:userId'
  ],
  level: 'info',
  message: 'API routes registered',
  timestamp: '2026-02-22 19:26:57'
}
{
  service: 'autovista-api',
  port: 8080,
  environment: 'development',
  nodeVersion: 'v22.14.0',
  level: 'info',
  message: 'Server started successfully',
  timestamp: '2026-02-22 19:26:57'
}
{
  message: 'Connected to MongoDB successfully',
  level: 'info',
  service: 'autovista-api',
  timestamp: '2026-02-22 19:27:55'
}
{
  message: 'Cron jobs enabled (non-production mode)',
  level: 'info',
  service: 'autovista-api',
  timestamp: '2026-02-22 19:27:55'
}
{
  message: '✅ Cron jobs initialized - Notifications scheduled at 6/10/14/20 (6am/10am/2pm/8pm EST)',
  level: 'info',
  service: 'autovista-api',
  timestamp: '2026-02-22 19:27:55'
}
{
  service: 'autovista-api',
  routes: [
    'GET /api/v1/user (current user)',
    'GET /api/v1/users (list users)',
    'GET /api/v1/user/:userId',
    'POST /api/v1/user',
    'PATCH /api/v1/user/:userId',
    'DELETE /api/v1/user/:userId'
  ],
  level: 'info',
  message: 'API routes registered',
  timestamp: '2026-02-22 19:27:55'
}
{
  service: 'autovista-api',
  port: 8080,
  environment: 'development',
  nodeVersion: 'v22.14.0',
  level: 'info',
  message: 'Server started successfully',
  timestamp: '2026-02-22 19:27:55'
}
{
  service: 'autovista-api',
  method: 'GET',
  url: '/api/v1/quote/public/699bb8ae6e0a7e13c9ef98af/app',
  ip: '::1',
  userAgent: 'Mozilla/5.0 (Macintosh; Intel Mac OS X 10_15_7) AppleWebKit/537.36 (KHTML, like Gecko) Chrome/144.0.0.0 Safari/537.36',
  contentLength: undefined,
  level: 'info',
  message: 'Incoming request',
  timestamp: '2026-02-22 19:29:42'
}
{
  service: 'autovista-api',
  method: 'GET',
  url: '/public/699bb8ae6e0a7e13c9ef98af/app',
  statusCode: 200,
  duration: '205ms',
  ip: '::1',
  level: 'info',
  message: 'Request completed',
  timestamp: '2026-02-22 19:29:42'
}
{
  service: 'autovista-api',
  method: 'GET',
  url: '/api/v1/settings/customer',
  ip: '::1',
  userAgent: 'Mozilla/5.0 (Macintosh; Intel Mac OS X 10_15_7) AppleWebKit/537.36 (KHTML, like Gecko) Chrome/144.0.0.0 Safari/537.36',
  contentLength: undefined,
  level: 'info',
  message: 'Incoming request',
  timestamp: '2026-02-22 19:29:43'
}
{
  service: 'autovista-api',
  method: 'GET',
  url: '/api/v1/quote/public/699bb8ae6e0a7e13c9ef98af/app',
  ip: '::1',
  userAgent: 'Mozilla/5.0 (Macintosh; Intel Mac OS X 10_15_7) AppleWebKit/537.36 (KHTML, like Gecko) Chrome/144.0.0.0 Safari/537.36',
  contentLength: undefined,
  level: 'info',
  message: 'Incoming request',
  timestamp: '2026-02-22 19:29:43'
}
{
  service: 'autovista-api',
  method: 'GET',
  url: '/public/699bb8ae6e0a7e13c9ef98af/app',
  statusCode: 200,
  duration: '151ms',
  ip: '::1',
  level: 'info',
  message: 'Request completed',
  timestamp: '2026-02-22 19:29:43'
}
{
  service: 'autovista-api',
  method: 'GET',
  url: '/customer',
  statusCode: 200,
  duration: '245ms',
  ip: '::1',
  level: 'info',
  message: 'Request completed',
  timestamp: '2026-02-22 19:29:43'
}
{
  service: 'autovista-api',
  method: 'GET',
  url: '/api/v1/settings/customer',
  ip: '::1',
  userAgent: 'Mozilla/5.0 (Macintosh; Intel Mac OS X 10_15_7) AppleWebKit/537.36 (KHTML, like Gecko) Chrome/144.0.0.0 Safari/537.36',
  contentLength: undefined,
  level: 'info',
  message: 'Incoming request',
  timestamp: '2026-02-22 19:32:34'
}
{
  service: 'autovista-api',
  method: 'GET',
  url: '/api/v1/quote/public/699bb8ae6e0a7e13c9ef98af/app',
  ip: '::1',
  userAgent: 'Mozilla/5.0 (Macintosh; Intel Mac OS X 10_15_7) AppleWebKit/537.36 (KHTML, like Gecko) Chrome/144.0.0.0 Safari/537.36',
  contentLength: undefined,
  level: 'info',
  message: 'Incoming request',
  timestamp: '2026-02-22 19:32:34'
}
{
  service: 'autovista-api',
  method: 'GET',
  url: '/public/699bb8ae6e0a7e13c9ef98af/app',
  statusCode: 200,
  duration: '171ms',
  ip: '::1',
  level: 'info',
  message: 'Request completed',
  timestamp: '2026-02-22 19:32:34'
}
{
  service: 'autovista-api',
  method: 'GET',
  url: '/customer',
  statusCode: 200,
  duration: '249ms',
  ip: '::1',
  level: 'info',
  message: 'Request completed',
  timestamp: '2026-02-22 19:32:34'
}
{
  service: 'autovista-api',
  method: 'GET',
  url: '/api/v1/settings/customer',
  ip: '::1',
  userAgent: 'Mozilla/5.0 (Macintosh; Intel Mac OS X 10_15_7) AppleWebKit/537.36 (KHTML, like Gecko) Chrome/144.0.0.0 Safari/537.36',
  contentLength: undefined,
  level: 'info',
  message: 'Incoming request',
  timestamp: '2026-02-22 19:33:22'
}
{
  service: 'autovista-api',
  method: 'GET',
  url: '/api/v1/quote/public/699bb8ae6e0a7e13c9ef98af/app',
  ip: '::1',
  userAgent: 'Mozilla/5.0 (Macintosh; Intel Mac OS X 10_15_7) AppleWebKit/537.36 (KHTML, like Gecko) Chrome/144.0.0.0 Safari/537.36',
  contentLength: undefined,
  level: 'info',
  message: 'Incoming request',
  timestamp: '2026-02-22 19:33:22'
}
{
  service: 'autovista-api',
  method: 'GET',
  url: '/public/699bb8ae6e0a7e13c9ef98af/app',
  statusCode: 200,
  duration: '160ms',
  ip: '::1',
  level: 'info',
  message: 'Request completed',
  timestamp: '2026-02-22 19:33:22'
}
{
  service: 'autovista-api',
  method: 'GET',
  url: '/customer',
  statusCode: 200,
  duration: '248ms',
  ip: '::1',
  level: 'info',
  message: 'Request completed',
  timestamp: '2026-02-22 19:33:22'
}
{
  service: 'autovista-api',
  method: 'GET',
  url: '/api/v1/settings/customer',
  ip: '::1',
  userAgent: 'Mozilla/5.0 (Macintosh; Intel Mac OS X 10_15_7) AppleWebKit/537.36 (KHTML, like Gecko) Chrome/144.0.0.0 Safari/537.36',
  contentLength: undefined,
  level: 'info',
  message: 'Incoming request',
  timestamp: '2026-02-22 19:35:46'
}
{
  service: 'autovista-api',
  method: 'GET',
  url: '/api/v1/quote/public/699bb8ae6e0a7e13c9ef98af/app',
  ip: '::1',
  userAgent: 'Mozilla/5.0 (Macintosh; Intel Mac OS X 10_15_7) AppleWebKit/537.36 (KHTML, like Gecko) Chrome/144.0.0.0 Safari/537.36',
  contentLength: undefined,
  level: 'info',
  message: 'Incoming request',
  timestamp: '2026-02-22 19:35:46'
}
{
  service: 'autovista-api',
  method: 'GET',
  url: '/public/699bb8ae6e0a7e13c9ef98af/app',
  statusCode: 200,
  duration: '172ms',
  ip: '::1',
  level: 'info',
  message: 'Request completed',
  timestamp: '2026-02-22 19:35:46'
}
{
  service: 'autovista-api',
  method: 'GET',
  url: '/customer',
  statusCode: 200,
  duration: '243ms',
  ip: '::1',
  level: 'info',
  message: 'Request completed',
  timestamp: '2026-02-22 19:35:46'
}
{
  service: 'autovista-api',
  method: 'GET',
  url: '/api/v1/settings/customer',
  ip: '::1',
  userAgent: 'Mozilla/5.0 (Macintosh; Intel Mac OS X 10_15_7) AppleWebKit/537.36 (KHTML, like Gecko) Chrome/144.0.0.0 Safari/537.36',
  contentLength: undefined,
  level: 'info',
  message: 'Incoming request',
  timestamp: '2026-02-22 19:42:40'
}
{
  service: 'autovista-api',
  method: 'GET',
  url: '/api/v1/quote/public/699bb8ae6e0a7e13c9ef98af/app',
  ip: '::1',
  userAgent: 'Mozilla/5.0 (Macintosh; Intel Mac OS X 10_15_7) AppleWebKit/537.36 (KHTML, like Gecko) Chrome/144.0.0.0 Safari/537.36',
  contentLength: undefined,
  level: 'info',
  message: 'Incoming request',
  timestamp: '2026-02-22 19:42:40'
}
{
  service: 'autovista-api',
  method: 'GET',
  url: '/public/699bb8ae6e0a7e13c9ef98af/app',
  statusCode: 200,
  duration: '174ms',
  ip: '::1',
  level: 'info',
  message: 'Request completed',
  timestamp: '2026-02-22 19:42:41'
}
{
  service: 'autovista-api',
  method: 'GET',
  url: '/customer',
  statusCode: 200,
  duration: '226ms',
  ip: '::1',
  level: 'info',
  message: 'Request completed',
  timestamp: '2026-02-22 19:42:41'
}
{
  service: 'autovista-api',
  method: 'GET',
  url: '/api/v1/settings/customer',
  ip: '::1',
  userAgent: 'Mozilla/5.0 (Macintosh; Intel Mac OS X 10_15_7) AppleWebKit/537.36 (KHTML, like Gecko) Chrome/144.0.0.0 Safari/537.36',
  contentLength: undefined,
  level: 'info',
  message: 'Incoming request',
  timestamp: '2026-02-22 19:43:25'
}
{
  service: 'autovista-api',
  method: 'GET',
  url: '/api/v1/quote/public/699bb8ae6e0a7e13c9ef98af/app',
  ip: '::1',
  userAgent: 'Mozilla/5.0 (Macintosh; Intel Mac OS X 10_15_7) AppleWebKit/537.36 (KHTML, like Gecko) Chrome/144.0.0.0 Safari/537.36',
  contentLength: undefined,
  level: 'info',
  message: 'Incoming request',
  timestamp: '2026-02-22 19:43:25'
}
{
  service: 'autovista-api',
  method: 'GET',
  url: '/public/699bb8ae6e0a7e13c9ef98af/app',
  statusCode: 200,
  duration: '160ms',
  ip: '::1',
  level: 'info',
  message: 'Request completed',
  timestamp: '2026-02-22 19:43:25'
}
{
  service: 'autovista-api',
  method: 'GET',
  url: '/customer',
  statusCode: 200,
  duration: '234ms',
  ip: '::1',
  level: 'info',
  message: 'Request completed',
  timestamp: '2026-02-22 19:43:26'
}
{
  service: 'autovista-api',
  method: 'GET',
  url: '/api/v1/settings/customer',
  ip: '::1',
  userAgent: 'Mozilla/5.0 (Macintosh; Intel Mac OS X 10_15_7) AppleWebKit/537.36 (KHTML, like Gecko) Chrome/144.0.0.0 Safari/537.36',
  contentLength: undefined,
  level: 'info',
  message: 'Incoming request',
  timestamp: '2026-02-22 19:46:17'
}
{
  service: 'autovista-api',
  method: 'GET',
  url: '/api/v1/quote/public/699bb8ae6e0a7e13c9ef98af/app',
  ip: '::1',
  userAgent: 'Mozilla/5.0 (Macintosh; Intel Mac OS X 10_15_7) AppleWebKit/537.36 (KHTML, like Gecko) Chrome/144.0.0.0 Safari/537.36',
  contentLength: undefined,
  level: 'info',
  message: 'Incoming request',
  timestamp: '2026-02-22 19:46:17'
}
{
  service: 'autovista-api',
  method: 'GET',
  url: '/public/699bb8ae6e0a7e13c9ef98af/app',
  statusCode: 200,
  duration: '199ms',
  ip: '::1',
  level: 'info',
  message: 'Request completed',
  timestamp: '2026-02-22 19:46:18'
}
{
  service: 'autovista-api',
  method: 'GET',
  url: '/customer',
  statusCode: 200,
  duration: '265ms',
  ip: '::1',
  level: 'info',
  message: 'Request completed',
  timestamp: '2026-02-22 19:46:18'
}
{
  service: 'autovista-api',
  method: 'GET',
  url: '/api/v1/brands',
  ip: '::1',
  userAgent: 'Mozilla/5.0 (Macintosh; Intel Mac OS X 10_15_7) AppleWebKit/537.36 (KHTML, like Gecko) Chrome/144.0.0.0 Safari/537.36',
  contentLength: undefined,
  level: 'info',
  message: 'Incoming request',
  timestamp: '2026-02-22 19:51:53'
}
{
  service: 'autovista-api',
  count: 77,
  sample: {
    _id: new ObjectId('5eb17918a0d72e11faf5f435'),
    make: 'Acura',
    models: [
      {
        model: '2.2CL',
        pricingClass: 'sedan',
        _id: new ObjectId('696820bfc19d0dfcabfbe599'),
        createdAt: 2026-01-14T23:03:27.753Z,
        updatedAt: 2026-01-14T23:03:27.753Z
      },
      {
        model: '2.3CL',
        pricingClass: 'sedan',
        _id: new ObjectId('696820bfc19d0dfcabfbe59a'),
        createdAt: 2026-01-14T23:03:27.753Z,
        updatedAt: 2026-01-14T23:03:27.753Z
      },
      {
        model: '2.5TL',
        pricingClass: 'sedan',
        _id: new ObjectId('696820bfc19d0dfcabfbe59b'),
        createdAt: 2026-01-14T23:03:27.753Z,
        updatedAt: 2026-01-14T23:03:27.753Z
      },
      {
        model: '3.0CL',
        pricingClass: 'sedan',
        _id: new ObjectId('696820bfc19d0dfcabfbe59c'),
        createdAt: 2026-01-14T23:03:27.753Z,
        updatedAt: 2026-01-14T23:03:27.753Z
      },
      {
        model: '3.2CL',
        pricingClass: 'sedan',
        _id: new ObjectId('696820bfc19d0dfcabfbe59d'),
        createdAt: 2026-01-14T23:03:27.753Z,
        updatedAt: 2026-01-14T23:03:27.753Z
      },
      {
        model: '3.2TL',
        pricingClass: 'sedan',
        _id: new ObjectId('696820bfc19d0dfcabfbe59e'),
        createdAt: 2026-01-14T23:03:27.753Z,
        updatedAt: 2026-01-14T23:03:27.753Z
      },
      {
        model: '3.5RL',
        pricingClass: 'sedan',
        _id: new ObjectId('696820bfc19d0dfcabfbe59f'),
        createdAt: 2026-01-14T23:03:27.753Z,
        updatedAt: 2026-01-14T23:03:27.753Z
      },
      {
        model: 'ILX',
        pricingClass: 'sedan',
        _id: new ObjectId('696820bfc19d0dfcabfbe5a0'),
        createdAt: 2026-01-14T23:03:27.753Z,
        updatedAt: 2026-01-14T23:03:27.753Z
      },
      {
        model: 'INTEGRA',
        pricingClass: 'sedan',
        _id: new ObjectId('696820bfc19d0dfcabfbe5a1'),
        createdAt: 2026-01-14T23:03:27.753Z,
        updatedAt: 2026-01-14T23:03:27.753Z
      },
      {
        model: 'LEGEND',
        pricingClass: 'sedan',
        _id: new ObjectId('696820bfc19d0dfcabfbe5a2'),
        createdAt: 2026-01-14T23:03:27.753Z,
        updatedAt: 2026-01-14T23:03:27.753Z
      },
      {
        model: 'MDX',
        pricingClass: 'suv',
        _id: new ObjectId('696820bfc19d0dfcabfbe5a3'),
        createdAt: 2026-01-14T23:03:27.753Z,
        updatedAt: 2026-01-14T23:03:27.753Z
      },
      {
        model: 'NSX',
        pricingClass: 'sedan',
        _id: new ObjectId('696820bfc19d0dfcabfbe5a4'),
        createdAt: 2026-01-14T23:03:27.753Z,
        updatedAt: 2026-01-14T23:03:27.753Z
      },
      {
        model: 'RDX',
        pricingClass: 'suv',
        _id: new ObjectId('696820bfc19d0dfcabfbe5a5'),
        createdAt: 2026-01-14T23:03:27.753Z,
        updatedAt: 2026-01-14T23:03:27.753Z
      },
      {
        model: 'RL',
        pricingClass: 'sedan',
        _id: new ObjectId('696820bfc19d0dfcabfbe5a6'),
        createdAt: 2026-01-14T23:03:27.753Z,
        updatedAt: 2026-01-14T23:03:27.753Z
      },
      {
        model: 'RLX',
        pricingClass: 'sedan',
        _id: new ObjectId('696820bfc19d0dfcabfbe5a7'),
        createdAt: 2026-01-14T23:03:27.753Z,
        updatedAt: 2026-01-14T23:03:27.753Z
      },
      {
        model: 'RSX',
        pricingClass: 'sedan',
        _id: new ObjectId('696820bfc19d0dfcabfbe5a8'),
        createdAt: 2026-01-14T23:03:27.753Z,
        updatedAt: 2026-01-14T23:03:27.753Z
      },
      {
        model: 'SLX',
        pricingClass: 'suv',
        _id: new ObjectId('696820bfc19d0dfcabfbe5a9'),
        createdAt: 2026-01-14T23:03:27.753Z,
        updatedAt: 2026-01-14T23:03:27.753Z
      },
      {
        model: 'TL',
        pricingClass: 'sedan',
        _id: new ObjectId('696820bfc19d0dfcabfbe5aa'),
        createdAt: 2026-01-14T23:03:27.753Z,
        updatedAt: 2026-01-14T23:03:27.753Z
      },
      {
        model: 'TLX',
        pricingClass: 'sedan',
        _id: new ObjectId('696820bfc19d0dfcabfbe5ab'),
        createdAt: 2026-01-14T23:03:27.753Z,
        updatedAt: 2026-01-14T23:03:27.753Z
      },
      {
        model: 'TSX',
        pricingClass: 'sedan',
        _id: new ObjectId('696820bfc19d0dfcabfbe5ac'),
        createdAt: 2026-01-14T23:03:27.753Z,
        updatedAt: 2026-01-14T23:03:27.753Z
      },
      {
        model: 'VIGOR',
        pricingClass: 'sedan',
        _id: new ObjectId('696820bfc19d0dfcabfbe5ad'),
        createdAt: 2026-01-14T23:03:27.753Z,
        updatedAt: 2026-01-14T23:03:27.753Z
      },
      {
        model: 'ZDX',
        pricingClass: 'suv',
        _id: new ObjectId('696820bfc19d0dfcabfbe5ae'),
        createdAt: 2026-01-14T23:03:27.753Z,
        updatedAt: 2026-01-14T23:03:27.753Z
      }
    ],
    createdAt: 2026-01-13T05:33:00.831Z,
    updatedAt: 2026-01-14T23:03:27.753Z
  },
  level: 'info',
  message: 'Makes retrieved successfully',
  timestamp: '2026-02-22 19:51:54'
}
{
  service: 'autovista-api',
  method: 'GET',
  url: '/api/v1/brands',
  statusCode: 200,
  duration: '199ms',
  ip: '::1',
  level: 'info',
  message: 'Request completed',
  timestamp: '2026-02-22 19:51:54'
}
{
  message: 'Connected to MongoDB successfully',
  level: 'info',
  service: 'autovista-api',
  timestamp: '2026-02-22 19:54:54'
}
{
  message: 'Cron jobs enabled (non-production mode)',
  level: 'info',
  service: 'autovista-api',
  timestamp: '2026-02-22 19:54:54'
}
{
  message: '✅ Cron jobs initialized - Notifications scheduled at 6/10/14/20 (6am/10am/2pm/8pm EST)',
  level: 'info',
  service: 'autovista-api',
  timestamp: '2026-02-22 19:54:54'
}
{
  service: 'autovista-api',
  routes: [
    'GET /api/v1/user (current user)',
    'GET /api/v1/users (list users)',
    'GET /api/v1/user/:userId',
    'POST /api/v1/user',
    'PATCH /api/v1/user/:userId',
    'DELETE /api/v1/user/:userId'
  ],
  level: 'info',
  message: 'API routes registered',
  timestamp: '2026-02-22 19:54:54'
}
{
  service: 'autovista-api',
  port: 8080,
  environment: 'development',
  nodeVersion: 'v22.14.0',
  level: 'info',
  message: 'Server started successfully',
  timestamp: '2026-02-22 19:54:54'
}
{
  message: 'Connected to MongoDB successfully',
  level: 'info',
  service: 'autovista-api',
  timestamp: '2026-03-06 16:20:48'
}
{
  message: 'Cron jobs enabled (non-production mode)',
  level: 'info',
  service: 'autovista-api',
  timestamp: '2026-03-06 16:20:48'
}
{
  message: '✅ Cron jobs initialized - Notifications scheduled at 6/10/14/20 (6am/10am/2pm/8pm EST)',
  level: 'info',
  service: 'autovista-api',
  timestamp: '2026-03-06 16:20:48'
}
{
  service: 'autovista-api',
  routes: [
    'GET /api/v1/user (current user)',
    'GET /api/v1/users (list users)',
    'GET /api/v1/user/:userId',
    'POST /api/v1/user',
    'PATCH /api/v1/user/:userId',
    'DELETE /api/v1/user/:userId'
  ],
  level: 'info',
  message: 'API routes registered',
  timestamp: '2026-03-06 16:20:48'
}
{
  service: 'autovista-api',
  port: 8080,
  environment: 'development',
  nodeVersion: 'v22.14.0',
  level: 'info',
  message: 'Server started successfully',
  timestamp: '2026-03-06 16:20:48'
}
{
  message: 'Connected to MongoDB successfully',
  level: 'info',
  service: 'autovista-api',
  timestamp: '2026-03-06 16:42:08'
}
{
  message: 'Cron jobs enabled (non-production mode)',
  level: 'info',
  service: 'autovista-api',
  timestamp: '2026-03-06 16:42:08'
}
{
  message: '✅ Cron jobs initialized - Notifications scheduled at 6/10/14/20 (6am/10am/2pm/8pm EST)',
  level: 'info',
  service: 'autovista-api',
  timestamp: '2026-03-06 16:42:08'
}
{
  service: 'autovista-api',
  routes: [
    'GET /api/v1/user (current user)',
    'GET /api/v1/users (list users)',
    'GET /api/v1/user/:userId',
    'POST /api/v1/user',
    'PATCH /api/v1/user/:userId',
    'DELETE /api/v1/user/:userId'
  ],
  level: 'info',
  message: 'API routes registered',
  timestamp: '2026-03-06 16:42:08'
}
{
  service: 'autovista-api',
  port: 8080,
  environment: 'development',
  nodeVersion: 'v22.14.0',
  level: 'info',
  message: 'Server started successfully',
  timestamp: '2026-03-06 16:42:08'
}
{
  message: 'Connected to MongoDB successfully',
  level: 'info',
  service: 'autovista-api',
  timestamp: '2026-03-06 16:42:11'
}
{
  message: 'Cron jobs enabled (non-production mode)',
  level: 'info',
  service: 'autovista-api',
  timestamp: '2026-03-06 16:42:11'
}
{
  message: '✅ Cron jobs initialized - Notifications scheduled at 6/10/14/20 (6am/10am/2pm/8pm EST)',
  level: 'info',
  service: 'autovista-api',
  timestamp: '2026-03-06 16:42:12'
}
{
  service: 'autovista-api',
  routes: [
    'GET /api/v1/user (current user)',
    'GET /api/v1/users (list users)',
    'GET /api/v1/user/:userId',
    'POST /api/v1/user',
    'PATCH /api/v1/user/:userId',
    'DELETE /api/v1/user/:userId'
  ],
  level: 'info',
  message: 'API routes registered',
  timestamp: '2026-03-06 16:42:12'
}
{
  service: 'autovista-api',
  port: 8080,
  environment: 'development',
  nodeVersion: 'v22.14.0',
  level: 'info',
  message: 'Server started successfully',
  timestamp: '2026-03-06 16:42:12'
}
{
  message: 'Connected to MongoDB successfully',
  level: 'info',
  service: 'autovista-api',
  timestamp: '2026-03-06 16:42:55'
}
{
  message: 'Cron jobs enabled (non-production mode)',
  level: 'info',
  service: 'autovista-api',
  timestamp: '2026-03-06 16:42:55'
}
{
  message: '✅ Cron jobs initialized - Notifications scheduled at 6/10/14/20 (6am/10am/2pm/8pm EST)',
  level: 'info',
  service: 'autovista-api',
  timestamp: '2026-03-06 16:42:55'
}
{
  service: 'autovista-api',
  routes: [
    'GET /api/v1/user (current user)',
    'GET /api/v1/users (list users)',
    'GET /api/v1/user/:userId',
    'POST /api/v1/user',
    'PATCH /api/v1/user/:userId',
    'DELETE /api/v1/user/:userId'
  ],
  level: 'info',
  message: 'API routes registered',
  timestamp: '2026-03-06 16:42:55'
}
{
  service: 'autovista-api',
  port: 8080,
  environment: 'development',
  nodeVersion: 'v22.14.0',
  level: 'info',
  message: 'Server started successfully',
  timestamp: '2026-03-06 16:42:55'
}
{
  message: 'Connected to MongoDB successfully',
  level: 'info',
  service: 'autovista-api',
  timestamp: '2026-03-06 16:42:58'
}
{
  message: 'Cron jobs enabled (non-production mode)',
  level: 'info',
  service: 'autovista-api',
  timestamp: '2026-03-06 16:42:58'
}
{
  message: '✅ Cron jobs initialized - Notifications scheduled at 6/10/14/20 (6am/10am/2pm/8pm EST)',
  level: 'info',
  service: 'autovista-api',
  timestamp: '2026-03-06 16:42:58'
}
{
  service: 'autovista-api',
  routes: [
    'GET /api/v1/user (current user)',
    'GET /api/v1/users (list users)',
    'GET /api/v1/user/:userId',
    'POST /api/v1/user',
    'PATCH /api/v1/user/:userId',
    'DELETE /api/v1/user/:userId'
  ],
  level: 'info',
  message: 'API routes registered',
  timestamp: '2026-03-06 16:42:58'
}
{
  service: 'autovista-api',
  port: 8080,
  environment: 'development',
  nodeVersion: 'v22.14.0',
  level: 'info',
  message: 'Server started successfully',
  timestamp: '2026-03-06 16:42:58'
}
