{
  error: Error: write EPIPE
      at afterWriteDispatched (node:internal/stream_base_commons:159:15)
      at writeGeneric (node:internal/stream_base_commons:150:3)
      at Socket._writeGeneric (node:net:971:11)
      at Socket._write (node:net:983:8)
      at writeOrBuffer (node:internal/streams/writable:572:12)
      at _write (node:internal/streams/writable:501:10)
      at Writable.write (node:internal/streams/writable:510:10)
      at Console.log (/Users/annaharrington/Clients/McCollisters/autovista-api/node_modules/winston/lib/winston/transports/console.js:87:23)
      at Console._write (/Users/annaharrington/Clients/McCollisters/autovista-api/node_modules/winston-transport/modern.js:103:17)
      at doWrite (/Users/annaharrington/Clients/McCollisters/autovista-api/node_modules/readable-stream/lib/_stream_writable.js:390:139) {
    errno: -32,
    code: 'EPIPE',
    syscall: 'write'
  },
  level: 'error',
  message: 'uncaughtException: write EPIPE\n' +
    'Error: write EPIPE\n' +
    '    at afterWriteDispatched (node:internal/stream_base_commons:159:15)\n' +
    '    at writeGeneric (node:internal/stream_base_commons:150:3)\n' +
    '    at Socket._writeGeneric (node:net:971:11)\n' +
    '    at Socket._write (node:net:983:8)\n' +
    '    at writeOrBuffer (node:internal/streams/writable:572:12)\n' +
    '    at _write (node:internal/streams/writable:501:10)\n' +
    '    at Writable.write (node:internal/streams/writable:510:10)\n' +
    '    at Console.log (/Users/annaharrington/Clients/McCollisters/autovista-api/node_modules/winston/lib/winston/transports/console.js:87:23)\n' +
    '    at Console._write (/Users/annaharrington/Clients/McCollisters/autovista-api/node_modules/winston-transport/modern.js:103:17)\n' +
    '    at doWrite (/Users/annaharrington/Clients/McCollisters/autovista-api/node_modules/readable-stream/lib/_stream_writable.js:390:139)',
  stack: 'Error: write EPIPE\n' +
    '    at afterWriteDispatched (node:internal/stream_base_commons:159:15)\n' +
    '    at writeGeneric (node:internal/stream_base_commons:150:3)\n' +
    '    at Socket._writeGeneric (node:net:971:11)\n' +
    '    at Socket._write (node:net:983:8)\n' +
    '    at writeOrBuffer (node:internal/streams/writable:572:12)\n' +
    '    at _write (node:internal/streams/writable:501:10)\n' +
    '    at Writable.write (node:internal/streams/writable:510:10)\n' +
    '    at Console.log (/Users/annaharrington/Clients/McCollisters/autovista-api/node_modules/winston/lib/winston/transports/console.js:87:23)\n' +
    '    at Console._write (/Users/annaharrington/Clients/McCollisters/autovista-api/node_modules/winston-transport/modern.js:103:17)\n' +
    '    at doWrite (/Users/annaharrington/Clients/McCollisters/autovista-api/node_modules/readable-stream/lib/_stream_writable.js:390:139)',
  exception: true,
  date: 'Tue Oct 07 2025 16:46:45 GMT-0600 (Mountain Daylight Time)',
  process: {
    pid: 85915,
    uid: 501,
    gid: 20,
    cwd: '/Users/annaharrington/Clients/McCollisters/autovista-api',
    execPath: '/Users/annaharrington/.nvm/versions/node/v22.14.0/bin/node',
    version: 'v22.14.0',
    argv: [
      '/Users/annaharrington/.nvm/versions/node/v22.14.0/bin/node',
      '/Users/annaharrington/Clients/McCollisters/autovista-api/src/index.ts'
    ],
    memoryUsage: {
      rss: 42795008,
      heapTotal: 43188224,
      heapUsed: 40283984,
      external: 26041614,
      arrayBuffers: 20073050
    }
  },
  os: {
    loadavg: [ 1.16259765625, 1.53955078125, 2.00244140625 ],
    uptime: 273867
  },
  trace: [
    {
      column: 15,
      file: 'node:internal/stream_base_commons',
      function: 'afterWriteDispatched',
      line: 159,
      method: null,
      native: false
    },
    {
      column: 3,
      file: 'node:internal/stream_base_commons',
      function: 'writeGeneric',
      line: 150,
      method: null,
      native: false
    },
    {
      column: 11,
      file: 'node:net',
      function: 'Socket._writeGeneric',
      line: 971,
      method: '_writeGeneric',
      native: false
    },
    {
      column: 8,
      file: 'node:net',
      function: 'Socket._write',
      line: 983,
      method: '_write',
      native: false
    },
    {
      column: 12,
      file: 'node:internal/streams/writable',
      function: 'writeOrBuffer',
      line: 572,
      method: null,
      native: false
    },
    {
      column: 10,
      file: 'node:internal/streams/writable',
      function: '_write',
      line: 501,
      method: null,
      native: false
    },
    {
      column: 10,
      file: 'node:internal/streams/writable',
      function: 'Writable.write',
      line: 510,
      method: 'write',
      native: false
    },
    {
      column: 23,
      file: '/Users/annaharrington/Clients/McCollisters/autovista-api/node_modules/winston/lib/winston/transports/console.js',
      function: 'Console.log',
      line: 87,
      method: 'log',
      native: false
    },
    {
      column: 17,
      file: '/Users/annaharrington/Clients/McCollisters/autovista-api/node_modules/winston-transport/modern.js',
      function: 'Console._write',
      line: 103,
      method: '_write',
      native: false
    },
    {
      column: 139,
      file: '/Users/annaharrington/Clients/McCollisters/autovista-api/node_modules/readable-stream/lib/_stream_writable.js',
      function: 'doWrite',
      line: 390,
      method: null,
      native: false
    }
  ],
  service: 'autovista-api',
  timestamp: '2025-10-07 16:46:45'
}
{
  error: ReferenceError: Operator is not defined
      at <anonymous> (/Users/annaharrington/Clients/McCollisters/autovista-api/src/modifierSet/schema.ts:135:55)
      at ModuleJob.run (node:internal/modules/esm/module_job:271:25)
      at async onImport.tracePromise.__proto__ (node:internal/modules/esm/loader:578:26)
      at async asyncRunEntryPointWithESMLoader (node:internal/modules/run_main:116:5),
  level: 'error',
  message: 'uncaughtException: Operator is not defined\n' +
    'ReferenceError: Operator is not defined\n' +
    '    at <anonymous> (/Users/annaharrington/Clients/McCollisters/autovista-api/src/modifierSet/schema.ts:135:55)\n' +
    '    at ModuleJob.run (node:internal/modules/esm/module_job:271:25)\n' +
    '    at async onImport.tracePromise.__proto__ (node:internal/modules/esm/loader:578:26)\n' +
    '    at async asyncRunEntryPointWithESMLoader (node:internal/modules/run_main:116:5)',
  stack: 'ReferenceError: Operator is not defined\n' +
    '    at <anonymous> (/Users/annaharrington/Clients/McCollisters/autovista-api/src/modifierSet/schema.ts:135:55)\n' +
    '    at ModuleJob.run (node:internal/modules/esm/module_job:271:25)\n' +
    '    at async onImport.tracePromise.__proto__ (node:internal/modules/esm/loader:578:26)\n' +
    '    at async asyncRunEntryPointWithESMLoader (node:internal/modules/run_main:116:5)',
  exception: true,
  date: 'Tue Oct 07 2025 17:36:47 GMT-0600 (Mountain Daylight Time)',
  process: {
    pid: 20700,
    uid: 501,
    gid: 20,
    cwd: '/Users/annaharrington/Clients/McCollisters/autovista-api',
    execPath: '/Users/annaharrington/.nvm/versions/node/v22.14.0/bin/node',
    version: 'v22.14.0',
    argv: [
      '/Users/annaharrington/.nvm/versions/node/v22.14.0/bin/node',
      '/Users/annaharrington/Clients/McCollisters/autovista-api/src/index.ts'
    ],
    memoryUsage: {
      rss: 140197888,
      heapTotal: 59752448,
      heapUsed: 34594672,
      external: 23118912,
      arrayBuffers: 18270936
    }
  },
  os: {
    loadavg: [ 2.7294921875, 2.4013671875, 2.20068359375 ],
    uptime: 276869
  },
  trace: [
    {
      column: 55,
      file: '/Users/annaharrington/Clients/McCollisters/autovista-api/src/modifierSet/schema.ts',
      function: '<anonymous>',
      line: 135,
      method: null,
      native: false
    },
    {
      column: 25,
      file: 'node:internal/modules/esm/module_job',
      function: 'ModuleJob.run',
      line: 271,
      method: 'run',
      native: false
    },
    {
      column: 26,
      file: 'node:internal/modules/esm/loader',
      function: 'async onImport.tracePromise.__proto__',
      line: 578,
      method: '__proto__',
      native: false
    },
    {
      column: 5,
      file: 'node:internal/modules/run_main',
      function: 'async asyncRunEntryPointWithESMLoader',
      line: 116,
      method: null,
      native: false
    }
  ],
  service: 'autovista-api',
  timestamp: '2025-10-07 17:36:47'
}
{
  error: ReferenceError: Operator is not defined
      at <anonymous> (/Users/annaharrington/Clients/McCollisters/autovista-api/src/modifierSet/schema.ts:135:55)
      at ModuleJob.run (node:internal/modules/esm/module_job:271:25)
      at async onImport.tracePromise.__proto__ (node:internal/modules/esm/loader:578:26)
      at async asyncRunEntryPointWithESMLoader (node:internal/modules/run_main:116:5),
  level: 'error',
  message: 'uncaughtException: Operator is not defined\n' +
    'ReferenceError: Operator is not defined\n' +
    '    at <anonymous> (/Users/annaharrington/Clients/McCollisters/autovista-api/src/modifierSet/schema.ts:135:55)\n' +
    '    at ModuleJob.run (node:internal/modules/esm/module_job:271:25)\n' +
    '    at async onImport.tracePromise.__proto__ (node:internal/modules/esm/loader:578:26)\n' +
    '    at async asyncRunEntryPointWithESMLoader (node:internal/modules/run_main:116:5)',
  stack: 'ReferenceError: Operator is not defined\n' +
    '    at <anonymous> (/Users/annaharrington/Clients/McCollisters/autovista-api/src/modifierSet/schema.ts:135:55)\n' +
    '    at ModuleJob.run (node:internal/modules/esm/module_job:271:25)\n' +
    '    at async onImport.tracePromise.__proto__ (node:internal/modules/esm/loader:578:26)\n' +
    '    at async asyncRunEntryPointWithESMLoader (node:internal/modules/run_main:116:5)',
  exception: true,
  date: 'Tue Oct 07 2025 17:36:56 GMT-0600 (Mountain Daylight Time)',
  process: {
    pid: 20880,
    uid: 501,
    gid: 20,
    cwd: '/Users/annaharrington/Clients/McCollisters/autovista-api',
    execPath: '/Users/annaharrington/.nvm/versions/node/v22.14.0/bin/node',
    version: 'v22.14.0',
    argv: [
      '/Users/annaharrington/.nvm/versions/node/v22.14.0/bin/node',
      '/Users/annaharrington/Clients/McCollisters/autovista-api/src/index.ts'
    ],
    memoryUsage: {
      rss: 142524416,
      heapTotal: 59752448,
      heapUsed: 33443240,
      external: 23127104,
      arrayBuffers: 18279128
    }
  },
  os: {
    loadavg: [ 2.5498046875, 2.37158203125, 2.19189453125 ],
    uptime: 276878
  },
  trace: [
    {
      column: 55,
      file: '/Users/annaharrington/Clients/McCollisters/autovista-api/src/modifierSet/schema.ts',
      function: '<anonymous>',
      line: 135,
      method: null,
      native: false
    },
    {
      column: 25,
      file: 'node:internal/modules/esm/module_job',
      function: 'ModuleJob.run',
      line: 271,
      method: 'run',
      native: false
    },
    {
      column: 26,
      file: 'node:internal/modules/esm/loader',
      function: 'async onImport.tracePromise.__proto__',
      line: 578,
      method: '__proto__',
      native: false
    },
    {
      column: 5,
      file: 'node:internal/modules/run_main',
      function: 'async asyncRunEntryPointWithESMLoader',
      line: 116,
      method: null,
      native: false
    }
  ],
  service: 'autovista-api',
  timestamp: '2025-10-07 17:36:56'
}
